{"timestamp":"2026-05-28T00:51:39.284810Z","level":"info","event":"DAG bundles loaded: dags-folder","logger":"airflow.dag_processing.bundles.manager.DagBundlesManager","filename":"manager.py","lineno":209}
{"timestamp":"2026-05-28T00:51:39.285420Z","level":"info","event":"Filling up the DagBag from /opt/airflow/dags/dag_etl_engineer_challenge_prod.py","logger":"airflow.dag_processing.dagbag.BundleDagBag","filename":"dagbag.py","lineno":469}
{"timestamp":"2026-05-28T00:51:39.636086Z","level":"warning","event":"The `airflow.operators.empty.EmptyOperator` attribute is deprecated. Please use `'airflow.providers.standard.operators.empty.EmptyOperator'`.","category":"UserWarning","filename":"/opt/airflow/dags/dag_etl_engineer_challenge_prod.py","lineno":18,"logger":"py.warnings"}
{"timestamp":"2026-05-28T00:51:39.636204Z","level":"warning","event":"The `airflow.decorators.task` attribute is deprecated. Please use `'airflow.sdk.task'`.","category":"UserWarning","filename":"/opt/airflow/dags/dag_etl_engineer_challenge_prod.py","lineno":19,"logger":"py.warnings"}
{"timestamp":"2026-05-28T00:51:39.674345Z","level":"warning","event":"Passing literal json to 'read_json' is deprecated and will be removed in a future version. To read from a literal string, wrap it in a 'StringIO' object.","category":"FutureWarning","filename":"/opt/airflow/dags/dag_etl_engineer_challenge_prod.py","lineno":144,"logger":"py.warnings"}
{"timestamp":"2026-05-28T00:51:39.689440Z","level":"info","event":"DataFrame listo para escritura:","logger":"task.stdout"}
{"timestamp":"2026-05-28T00:51:39.693069Z","level":"info","event":"<class 'pandas.core.frame.DataFrame'>","logger":"task.stdout"}
{"timestamp":"2026-05-28T00:51:39.693190Z","level":"info","event":"RangeIndex: 1505 entries, 0 to 1504","logger":"task.stdout"}
{"timestamp":"2026-05-28T00:51:39.693242Z","level":"info","event":"Data columns (total 7 columns):","logger":"task.stdout"}
{"timestamp":"2026-05-28T00:51:39.693306Z","level":"info","event":" #   Column      Non-Null Count  Dtype","logger":"task.stdout"}
{"timestamp":"2026-05-28T00:51:39.693352Z","level":"info","event":"---  ------      --------------  -----","logger":"task.stdout"}
{"timestamp":"2026-05-28T00:51:39.693422Z","level":"info","event":" 0   id          1505 non-null   object","logger":"task.stdout"}
{"timestamp":"2026-05-28T00:51:39.693498Z","level":"info","event":" 1   name        1505 non-null   object","logger":"task.stdout"}
{"timestamp":"2026-05-28T00:51:39.693551Z","level":"info","event":" 2   company_id  1505 non-null   object","logger":"task.stdout"}
{"timestamp":"2026-05-28T00:51:39.693606Z","level":"info","event":" 3   amount      1505 non-null   float64","logger":"task.stdout"}
{"timestamp":"2026-05-28T00:51:39.693648Z","level":"info","event":" 4   status      1505 non-null   object","logger":"task.stdout"}
{"timestamp":"2026-05-28T00:51:39.693701Z","level":"info","event":" 5   created_at  1505 non-null   datetime64[ns]","logger":"task.stdout"}
{"timestamp":"2026-05-28T00:51:39.693744Z","level":"info","event":" 6   paid_at     916 non-null    datetime64[ns]","logger":"task.stdout"}
{"timestamp":"2026-05-28T00:51:39.693796Z","level":"info","event":"dtypes: datetime64[ns](2), float64(1), object(4)","logger":"task.stdout"}
{"timestamp":"2026-05-28T00:51:39.693837Z","level":"info","event":"memory usage: 82.4+ KB","logger":"task.stdout"}
{"timestamp":"2026-05-28T00:51:41.647109Z","level":"info","event":"AWS Connection (conn_id='***_storage', conn_type='aws') credentials retrieved from login and password.","logger":"airflow.providers.amazon.aws.utils.connection_wrapper.AwsConnectionWrapper","filename":"connection_wrapper.py","lineno":331}
{"timestamp":"2026-05-28T00:51:41.817502Z","level":"info","event":"Archivo Parquet guardado en: s3://***_storage@bck-bronze/master/data_prueba_tecnica.parquet","logger":"task.stdout"}
{"timestamp":"2026-05-28T00:51:41.818051Z","level":"info","event":"Done. Returned value was: None","logger":"airflow.task.operators.airflow.providers.standard.decorators.python._PythonDecoratedOperator","filename":"python.py","lineno":229}
