{"timestamp":"2026-05-27T19:22:09.448500Z","level":"info","event":"DAG bundles loaded: dags-folder","logger":"airflow.dag_processing.bundles.manager.DagBundlesManager","filename":"manager.py","lineno":209}
{"timestamp":"2026-05-27T19:22:09.449198Z","level":"info","event":"Filling up the DagBag from /opt/airflow/dags/dag_etl_test.py","logger":"airflow.dag_processing.dagbag.BundleDagBag","filename":"dagbag.py","lineno":469}
{"timestamp":"2026-05-27T19:22:09.785718Z","level":"warning","event":"The `airflow.operators.empty.EmptyOperator` attribute is deprecated. Please use `'airflow.providers.standard.operators.empty.EmptyOperator'`.","category":"UserWarning","filename":"/opt/airflow/dags/dag_etl_test.py","lineno":7,"logger":"py.warnings"}
{"timestamp":"2026-05-27T19:22:09.785832Z","level":"warning","event":"The `airflow.decorators.task` attribute is deprecated. Please use `'airflow.sdk.task'`.","category":"UserWarning","filename":"/opt/airflow/dags/dag_etl_test.py","lineno":8,"logger":"py.warnings"}
{"timestamp":"2026-05-27T19:22:09.814135Z","level":"info","event":"AWS Connection (conn_id='***_storage', conn_type='aws') credentials retrieved from login and password.","logger":"airflow.providers.amazon.aws.utils.connection_wrapper.AwsConnectionWrapper","filename":"connection_wrapper.py","lineno":331}
{"timestamp":"2026-05-27T19:22:09.821728Z","level":"warning","event":"ProvidersManager.hooks is deprecated. Use ProvidersManagerTaskRuntime.hooks from task-sdk instead.","category":"DeprecatedImportWarning","filename":"/home/airflow/.local/lib/python3.13/site-packages/airflow/providers/amazon/aws/hooks/base_aws.py","lineno":520,"logger":"py.warnings"}
{"timestamp":"2026-05-27T19:22:10.122023Z","level":"info","event":"Archivos en el bucket: ['data/data_muestra.csv', 'data/data_prueba_tecnica.csv']","logger":"task.stdout"}
{"timestamp":"2026-05-27T19:22:10.219582Z","level":"info","event":"Archivo procesado exitosamente. Filas: 1001, Columnas: 7","logger":"task.stdout"}
{"timestamp":"2026-05-27T19:22:10.219721Z","level":"info","event":"Diagnóstico rápido","logger":"task.stdout"}
{"timestamp":"2026-05-27T19:22:10.223121Z","level":"info","event":"<class 'pandas.core.frame.DataFrame'>","logger":"task.stdout"}
{"timestamp":"2026-05-27T19:22:10.223208Z","level":"info","event":"RangeIndex: 1001 entries, 0 to 1000","logger":"task.stdout"}
{"timestamp":"2026-05-27T19:22:10.223284Z","level":"info","event":"Data columns (total 7 columns):","logger":"task.stdout"}
{"timestamp":"2026-05-27T19:22:10.223337Z","level":"info","event":" #   Column      Non-Null Count  Dtype","logger":"task.stdout"}
{"timestamp":"2026-05-27T19:22:10.223395Z","level":"info","event":"---  ------      --------------  -----","logger":"task.stdout"}
{"timestamp":"2026-05-27T19:22:10.223446Z","level":"info","event":" 0   id          1000 non-null   object","logger":"task.stdout"}
{"timestamp":"2026-05-27T19:22:10.223533Z","level":"info","event":" 1   name        1000 non-null   object","logger":"task.stdout"}
{"timestamp":"2026-05-27T19:22:10.223581Z","level":"info","event":" 2   company_id  1000 non-null   object","logger":"task.stdout"}
{"timestamp":"2026-05-27T19:22:10.223625Z","level":"info","event":" 3   amount      1001 non-null   float64","logger":"task.stdout"}
{"timestamp":"2026-05-27T19:22:10.223669Z","level":"info","event":" 4   status      1001 non-null   object","logger":"task.stdout"}
{"timestamp":"2026-05-27T19:22:10.223713Z","level":"info","event":" 5   created_at  1001 non-null   object","logger":"task.stdout"}
{"timestamp":"2026-05-27T19:22:10.223756Z","level":"info","event":" 6   paid_at     573 non-null    object","logger":"task.stdout"}
{"timestamp":"2026-05-27T19:22:10.223798Z","level":"info","event":"dtypes: float64(1), object(6)","logger":"task.stdout"}
{"timestamp":"2026-05-27T19:22:10.223841Z","level":"info","event":"memory usage: 54.9+ KB","logger":"task.stdout"}
{"timestamp":"2026-05-27T19:22:10.223885Z","level":"info","event":"Tipos de datos y conteo de no-nulos: None","logger":"task.stdout"}
{"timestamp":"2026-05-27T19:22:10.223968Z","level":"info","event":"Cantidad de valores faltantes por columna: id              1","logger":"task.stdout"}
{"timestamp":"2026-05-27T19:22:10.225034Z","level":"info","event":"name            1","logger":"task.stdout"}
{"timestamp":"2026-05-27T19:22:10.225086Z","level":"info","event":"company_id      1","logger":"task.stdout"}
{"timestamp":"2026-05-27T19:22:10.225127Z","level":"info","event":"amount          0","logger":"task.stdout"}
{"timestamp":"2026-05-27T19:22:10.225166Z","level":"info","event":"status          0","logger":"task.stdout"}
{"timestamp":"2026-05-27T19:22:10.225203Z","level":"info","event":"created_at      0","logger":"task.stdout"}
{"timestamp":"2026-05-27T19:22:10.225239Z","level":"info","event":"paid_at       428","logger":"task.stdout"}
{"timestamp":"2026-05-27T19:22:10.225276Z","level":"info","event":"dtype: int64","logger":"task.stdout"}
{"timestamp":"2026-05-27T19:22:10.227613Z","level":"info","event":"Estadísticas básicas para detectar outliers numéricos:              amount","logger":"task.stdout"}
{"timestamp":"2026-05-27T19:22:10.227680Z","level":"info","event":"count   1001.000000","logger":"task.stdout"}
{"timestamp":"2026-05-27T19:22:10.227738Z","level":"info","event":"mean     302.409560","logger":"task.stdout"}
{"timestamp":"2026-05-27T19:22:10.227785Z","level":"info","event":"std     3022.451109","logger":"task.stdout"}
{"timestamp":"2026-05-27T19:22:10.227830Z","level":"info","event":"min        3.000000","logger":"task.stdout"}
{"timestamp":"2026-05-27T19:22:10.227886Z","level":"info","event":"25%       28.010000","logger":"task.stdout"}
{"timestamp":"2026-05-27T19:22:10.227930Z","level":"info","event":"50%       58.740000","logger":"task.stdout"}
{"timestamp":"2026-05-27T19:22:10.227974Z","level":"info","event":"75%      109.400000","logger":"task.stdout"}
{"timestamp":"2026-05-27T19:22:10.228017Z","level":"info","event":"max    83983.000000","logger":"task.stdout"}
{"timestamp":"2026-05-27T19:22:10.233324Z","level":"info","event":"<class 'pandas.core.frame.DataFrame'>","logger":"task.stdout"}
{"timestamp":"2026-05-27T19:22:10.233394Z","level":"info","event":"RangeIndex: 1001 entries, 0 to 1000","logger":"task.stdout"}
{"timestamp":"2026-05-27T19:22:10.233443Z","level":"info","event":"Data columns (total 7 columns):","logger":"task.stdout"}
{"timestamp":"2026-05-27T19:22:10.233512Z","level":"info","event":" #   Column      Non-Null Count  Dtype","logger":"task.stdout"}
{"timestamp":"2026-05-27T19:22:10.233560Z","level":"info","event":"---  ------      --------------  -----","logger":"task.stdout"}
{"timestamp":"2026-05-27T19:22:10.233605Z","level":"info","event":" 0   id          1000 non-null   object","logger":"task.stdout"}
{"timestamp":"2026-05-27T19:22:10.233648Z","level":"info","event":" 1   name        1000 non-null   object","logger":"task.stdout"}
{"timestamp":"2026-05-27T19:22:10.233693Z","level":"info","event":" 2   company_id  1000 non-null   object","logger":"task.stdout"}
{"timestamp":"2026-05-27T19:22:10.233737Z","level":"info","event":" 3   amount      1001 non-null   float64","logger":"task.stdout"}
{"timestamp":"2026-05-27T19:22:10.233780Z","level":"info","event":" 4   status      1001 non-null   object","logger":"task.stdout"}
{"timestamp":"2026-05-27T19:22:10.233823Z","level":"info","event":" 5   created_at  998 non-null    datetime64[ns]","logger":"task.stdout"}
{"timestamp":"2026-05-27T19:22:10.233867Z","level":"info","event":" 6   paid_at     573 non-null    datetime64[ns]","logger":"task.stdout"}
{"timestamp":"2026-05-27T19:22:10.233910Z","level":"info","event":"dtypes: datetime64[ns](2), float64(1), object(4)","logger":"task.stdout"}
{"timestamp":"2026-05-27T19:22:10.233953Z","level":"info","event":"memory usage: 54.9+ KB","logger":"task.stdout"}
{"timestamp":"2026-05-27T19:22:10.233988Z","level":"info","event":"DATAFRAME INFO: None","logger":"task.stdout"}
{"timestamp":"2026-05-27T19:22:12.282830Z","level":"error","event":"Task failed with exception","logger":"task","filename":"task_runner.py","lineno":1347,"error_detail":[{"exc_type":"ImportError","exc_value":"Airflow FS S3 protocol requires the s3fs library, but it is not installed as it requiresaiobotocore. Please install the s3 protocol support library by running: pip install apache-airflow-providers-amazon[s3fs]","exc_notes":[],"syntax_error":null,"is_cause":false,"frames":[{"filename":"/home/airflow/.local/lib/python3.13/site-packages/airflow/sdk/execution_time/task_runner.py","lineno":1263,"name":"run"},{"filename":"/home/airflow/.local/lib/python3.13/site-packages/airflow/sdk/execution_time/task_runner.py","lineno":1678,"name":"_execute_task"},{"filename":"/home/airflow/.local/lib/python3.13/site-packages/airflow/sdk/bases/operator.py","lineno":443,"name":"wrapper"},{"filename":"/home/airflow/.local/lib/python3.13/site-packages/airflow/sdk/bases/decorator.py","lineno":397,"name":"execute"},{"filename":"/home/airflow/.local/lib/python3.13/site-packages/airflow/sdk/bases/operator.py","lineno":443,"name":"wrapper"},{"filename":"/home/airflow/.local/lib/python3.13/site-packages/airflow/providers/standard/operators/python.py","lineno":227,"name":"execute"},{"filename":"/home/airflow/.local/lib/python3.13/site-packages/airflow/providers/standard/operators/python.py","lineno":250,"name":"execute_callable"},{"filename":"/home/airflow/.local/lib/python3.13/site-packages/airflow/sdk/execution_time/callback_runner.py","lineno":97,"name":"run"},{"filename":"/opt/airflow/dags/dag_etl_test.py","lineno":107,"name":"leer_csv_desde_***"},{"filename":"/home/airflow/.local/lib/python3.13/site-packages/airflow/sdk/io/path.py","lineno":223,"name":"open"},{"filename":"/home/airflow/.local/lib/python3.13/site-packages/airflow/sdk/io/path.py","lineno":178,"name":"fs"},{"filename":"/usr/python/lib/python3.13/functools.py","lineno":1025,"name":"__get__"},{"filename":"/home/airflow/.local/lib/python3.13/site-packages/airflow/sdk/io/store.py","lineno":63,"name":"fs"},{"filename":"/home/airflow/.local/lib/python3.13/site-packages/airflow/sdk/io/fs.py","lineno":105,"name":"get_fs"},{"filename":"/home/airflow/.local/lib/python3.13/site-packages/airflow/providers/amazon/aws/fs/s3.py","lineno":53,"name":"get_fs"}],"is_group":false,"exceptions":[]},{"exc_type":"ModuleNotFoundError","exc_value":"No module named 's3fs'","exc_notes":[],"syntax_error":null,"is_cause":false,"frames":[{"filename":"/home/airflow/.local/lib/python3.13/site-packages/airflow/providers/amazon/aws/fs/s3.py","lineno":51,"name":"get_fs"}],"is_group":false,"exceptions":[]}]}
