{"timestamp":"2026-05-27T17:43:04.574644Z","level":"info","event":"DAG bundles loaded: dags-folder","logger":"airflow.dag_processing.bundles.manager.DagBundlesManager","filename":"manager.py","lineno":209}
{"timestamp":"2026-05-27T17:43:04.575273Z","level":"info","event":"Filling up the DagBag from /opt/airflow/dags/dag_etl_test.py","logger":"airflow.dag_processing.dagbag.BundleDagBag","filename":"dagbag.py","lineno":469}
{"timestamp":"2026-05-27T17:43:04.915070Z","level":"warning","event":"The `airflow.operators.empty.EmptyOperator` attribute is deprecated. Please use `'airflow.providers.standard.operators.empty.EmptyOperator'`.","category":"UserWarning","filename":"/opt/airflow/dags/dag_etl_test.py","lineno":6,"logger":"py.warnings"}
{"timestamp":"2026-05-27T17:43:04.915185Z","level":"warning","event":"The `airflow.decorators.task` attribute is deprecated. Please use `'airflow.sdk.task'`.","category":"UserWarning","filename":"/opt/airflow/dags/dag_etl_test.py","lineno":7,"logger":"py.warnings"}
{"timestamp":"2026-05-27T17:43:04.943052Z","level":"info","event":"AWS Connection (conn_id='***_storage', conn_type='aws') credentials retrieved from login and password.","logger":"airflow.providers.amazon.aws.utils.connection_wrapper.AwsConnectionWrapper","filename":"connection_wrapper.py","lineno":331}
{"timestamp":"2026-05-27T17:43:04.951905Z","level":"warning","event":"ProvidersManager.hooks is deprecated. Use ProvidersManagerTaskRuntime.hooks from task-sdk instead.","category":"DeprecatedImportWarning","filename":"/home/airflow/.local/lib/python3.13/site-packages/airflow/providers/amazon/aws/hooks/base_aws.py","lineno":520,"logger":"py.warnings"}
{"timestamp":"2026-05-27T17:43:05.305968Z","level":"info","event":"Archivos en el bucket: ['data/data_muestra.csv', 'data/data_prueba_tecnica.csv']","logger":"task.stdout"}
{"timestamp":"2026-05-27T17:43:05.416208Z","level":"info","event":"Archivo procesado exitosamente. Filas: 50, Columnas: 7","logger":"task.stdout"}
{"timestamp":"2026-05-27T17:43:05.416351Z","level":"info","event":"Diagnóstico rápido","logger":"task.stdout"}
{"timestamp":"2026-05-27T17:43:05.423957Z","level":"info","event":"<class 'pandas.core.frame.DataFrame'>","logger":"task.stdout"}
{"timestamp":"2026-05-27T17:43:05.424088Z","level":"info","event":"RangeIndex: 50 entries, 0 to 49","logger":"task.stdout"}
{"timestamp":"2026-05-27T17:43:05.424147Z","level":"info","event":"Data columns (total 7 columns):","logger":"task.stdout"}
{"timestamp":"2026-05-27T17:43:05.424198Z","level":"info","event":" #   Column      Non-Null Count  Dtype","logger":"task.stdout"}
{"timestamp":"2026-05-27T17:43:05.424247Z","level":"info","event":"---  ------      --------------  -----","logger":"task.stdout"}
{"timestamp":"2026-05-27T17:43:05.424299Z","level":"info","event":" 0   id          50 non-null     object","logger":"task.stdout"}
{"timestamp":"2026-05-27T17:43:05.424346Z","level":"info","event":" 1   name        50 non-null     object","logger":"task.stdout"}
{"timestamp":"2026-05-27T17:43:05.424392Z","level":"info","event":" 2   company_id  50 non-null     object","logger":"task.stdout"}
{"timestamp":"2026-05-27T17:43:05.424437Z","level":"info","event":" 3   amount      50 non-null     float64","logger":"task.stdout"}
{"timestamp":"2026-05-27T17:43:05.424490Z","level":"info","event":" 4   status      50 non-null     object","logger":"task.stdout"}
{"timestamp":"2026-05-27T17:43:05.424534Z","level":"info","event":" 5   created_at  50 non-null     object","logger":"task.stdout"}
{"timestamp":"2026-05-27T17:43:05.424578Z","level":"info","event":" 6   paid_at     24 non-null     object","logger":"task.stdout"}
{"timestamp":"2026-05-27T17:43:05.424622Z","level":"info","event":"dtypes: float64(1), object(6)","logger":"task.stdout"}
{"timestamp":"2026-05-27T17:43:05.424666Z","level":"info","event":"memory usage: 2.9+ KB","logger":"task.stdout"}
{"timestamp":"2026-05-27T17:43:05.424710Z","level":"info","event":"Tipos de datos y conteo de no-nulos: None","logger":"task.stdout"}
{"timestamp":"2026-05-27T17:43:05.424826Z","level":"info","event":"Cantidad de valores faltantes por columna: id             0","logger":"task.stdout"}
{"timestamp":"2026-05-27T17:43:05.424895Z","level":"info","event":"name           0","logger":"task.stdout"}
{"timestamp":"2026-05-27T17:43:05.424945Z","level":"info","event":"company_id     0","logger":"task.stdout"}
{"timestamp":"2026-05-27T17:43:05.424989Z","level":"info","event":"amount         0","logger":"task.stdout"}
{"timestamp":"2026-05-27T17:43:05.425034Z","level":"info","event":"status         0","logger":"task.stdout"}
{"timestamp":"2026-05-27T17:43:05.425078Z","level":"info","event":"created_at     0","logger":"task.stdout"}
{"timestamp":"2026-05-27T17:43:05.425121Z","level":"info","event":"paid_at       26","logger":"task.stdout"}
{"timestamp":"2026-05-27T17:43:05.425165Z","level":"info","event":"dtype: int64","logger":"task.stdout"}
{"timestamp":"2026-05-27T17:43:05.430032Z","level":"info","event":"Estadísticas básicas para detectar outliers numéricos:            amount","logger":"task.stdout"}
{"timestamp":"2026-05-27T17:43:05.430145Z","level":"info","event":"count   50.000000","logger":"task.stdout"}
{"timestamp":"2026-05-27T17:43:05.430211Z","level":"info","event":"mean    87.081000","logger":"task.stdout"}
{"timestamp":"2026-05-27T17:43:05.430276Z","level":"info","event":"std     83.186153","logger":"task.stdout"}
{"timestamp":"2026-05-27T17:43:05.430337Z","level":"info","event":"min      3.000000","logger":"task.stdout"}
{"timestamp":"2026-05-27T17:43:05.430382Z","level":"info","event":"25%     24.560000","logger":"task.stdout"}
{"timestamp":"2026-05-27T17:43:05.430426Z","level":"info","event":"50%     61.630000","logger":"task.stdout"}
{"timestamp":"2026-05-27T17:43:05.430487Z","level":"info","event":"75%    129.280000","logger":"task.stdout"}
{"timestamp":"2026-05-27T17:43:05.430553Z","level":"info","event":"max    364.460000","logger":"task.stdout"}
{"timestamp":"2026-05-27T17:43:05.430701Z","level":"info","event":"Done. Returned value was: None","logger":"airflow.task.operators.airflow.providers.standard.decorators.python._PythonDecoratedOperator","filename":"python.py","lineno":229}
