{"timestamp":"2026-05-27T18:44:57.441756Z","level":"info","event":"DAG bundles loaded: dags-folder","logger":"airflow.dag_processing.bundles.manager.DagBundlesManager","filename":"manager.py","lineno":209}
{"timestamp":"2026-05-27T18:44:57.442442Z","level":"info","event":"Filling up the DagBag from /opt/airflow/dags/dag_etl_test.py","logger":"airflow.dag_processing.dagbag.BundleDagBag","filename":"dagbag.py","lineno":469}
{"timestamp":"2026-05-27T18:44:57.761906Z","level":"warning","event":"The `airflow.operators.empty.EmptyOperator` attribute is deprecated. Please use `'airflow.providers.standard.operators.empty.EmptyOperator'`.","category":"UserWarning","filename":"/opt/airflow/dags/dag_etl_test.py","lineno":6,"logger":"py.warnings"}
{"timestamp":"2026-05-27T18:44:57.762011Z","level":"warning","event":"The `airflow.decorators.task` attribute is deprecated. Please use `'airflow.sdk.task'`.","category":"UserWarning","filename":"/opt/airflow/dags/dag_etl_test.py","lineno":7,"logger":"py.warnings"}
{"timestamp":"2026-05-27T18:44:57.787321Z","level":"info","event":"AWS Connection (conn_id='***_storage', conn_type='aws') credentials retrieved from login and password.","logger":"airflow.providers.amazon.aws.utils.connection_wrapper.AwsConnectionWrapper","filename":"connection_wrapper.py","lineno":331}
{"timestamp":"2026-05-27T18:44:57.794937Z","level":"warning","event":"ProvidersManager.hooks is deprecated. Use ProvidersManagerTaskRuntime.hooks from task-sdk instead.","category":"DeprecatedImportWarning","filename":"/home/airflow/.local/lib/python3.13/site-packages/airflow/providers/amazon/aws/hooks/base_aws.py","lineno":520,"logger":"py.warnings"}
{"timestamp":"2026-05-27T18:44:58.105960Z","level":"info","event":"Archivos en el bucket: ['data/data_muestra.csv', 'data/data_prueba_tecnica.csv']","logger":"task.stdout"}
{"timestamp":"2026-05-27T18:44:58.206021Z","level":"info","event":"Archivo procesado exitosamente. Filas: 1001, Columnas: 7","logger":"task.stdout"}
{"timestamp":"2026-05-27T18:44:58.206168Z","level":"info","event":"Diagnóstico rápido","logger":"task.stdout"}
{"timestamp":"2026-05-27T18:44:58.209816Z","level":"info","event":"<class 'pandas.core.frame.DataFrame'>","logger":"task.stdout"}
{"timestamp":"2026-05-27T18:44:58.209903Z","level":"info","event":"RangeIndex: 1001 entries, 0 to 1000","logger":"task.stdout"}
{"timestamp":"2026-05-27T18:44:58.209984Z","level":"info","event":"Data columns (total 7 columns):","logger":"task.stdout"}
{"timestamp":"2026-05-27T18:44:58.210063Z","level":"info","event":" #   Column      Non-Null Count  Dtype","logger":"task.stdout"}
{"timestamp":"2026-05-27T18:44:58.210137Z","level":"info","event":"---  ------      --------------  -----","logger":"task.stdout"}
{"timestamp":"2026-05-27T18:44:58.210213Z","level":"info","event":" 0   id          1000 non-null   object","logger":"task.stdout"}
{"timestamp":"2026-05-27T18:44:58.210305Z","level":"info","event":" 1   name        1000 non-null   object","logger":"task.stdout"}
{"timestamp":"2026-05-27T18:44:58.210384Z","level":"info","event":" 2   company_id  1000 non-null   object","logger":"task.stdout"}
{"timestamp":"2026-05-27T18:44:58.210477Z","level":"info","event":" 3   amount      1001 non-null   float64","logger":"task.stdout"}
{"timestamp":"2026-05-27T18:44:58.210555Z","level":"info","event":" 4   status      1001 non-null   object","logger":"task.stdout"}
{"timestamp":"2026-05-27T18:44:58.210629Z","level":"info","event":" 5   created_at  1001 non-null   object","logger":"task.stdout"}
{"timestamp":"2026-05-27T18:44:58.210704Z","level":"info","event":" 6   paid_at     573 non-null    object","logger":"task.stdout"}
{"timestamp":"2026-05-27T18:44:58.210776Z","level":"info","event":"dtypes: float64(1), object(6)","logger":"task.stdout"}
{"timestamp":"2026-05-27T18:44:58.210830Z","level":"info","event":"memory usage: 54.9+ KB","logger":"task.stdout"}
{"timestamp":"2026-05-27T18:44:58.210883Z","level":"info","event":"Tipos de datos y conteo de no-nulos: None","logger":"task.stdout"}
{"timestamp":"2026-05-27T18:44:58.210987Z","level":"info","event":"Cantidad de valores faltantes por columna: id              1","logger":"task.stdout"}
{"timestamp":"2026-05-27T18:44:58.211053Z","level":"info","event":"name            1","logger":"task.stdout"}
{"timestamp":"2026-05-27T18:44:58.211111Z","level":"info","event":"company_id      1","logger":"task.stdout"}
{"timestamp":"2026-05-27T18:44:58.211165Z","level":"info","event":"amount          0","logger":"task.stdout"}
{"timestamp":"2026-05-27T18:44:58.211227Z","level":"info","event":"status          0","logger":"task.stdout"}
{"timestamp":"2026-05-27T18:44:58.211288Z","level":"info","event":"created_at      0","logger":"task.stdout"}
{"timestamp":"2026-05-27T18:44:58.211350Z","level":"info","event":"paid_at       428","logger":"task.stdout"}
{"timestamp":"2026-05-27T18:44:58.211410Z","level":"info","event":"dtype: int64","logger":"task.stdout"}
{"timestamp":"2026-05-27T18:44:58.214800Z","level":"info","event":"Estadísticas básicas para detectar outliers numéricos:              amount","logger":"task.stdout"}
{"timestamp":"2026-05-27T18:44:58.214898Z","level":"info","event":"count   1001.000000","logger":"task.stdout"}
{"timestamp":"2026-05-27T18:44:58.214984Z","level":"info","event":"mean     302.409560","logger":"task.stdout"}
{"timestamp":"2026-05-27T18:44:58.215056Z","level":"info","event":"std     3022.451109","logger":"task.stdout"}
{"timestamp":"2026-05-27T18:44:58.215125Z","level":"info","event":"min        3.000000","logger":"task.stdout"}
{"timestamp":"2026-05-27T18:44:58.215192Z","level":"info","event":"25%       28.010000","logger":"task.stdout"}
{"timestamp":"2026-05-27T18:44:58.215260Z","level":"info","event":"50%       58.740000","logger":"task.stdout"}
{"timestamp":"2026-05-27T18:44:58.215327Z","level":"info","event":"75%      109.400000","logger":"task.stdout"}
{"timestamp":"2026-05-27T18:44:58.215392Z","level":"info","event":"max    83983.000000","logger":"task.stdout"}
{"timestamp":"2026-05-27T18:44:58.224199Z","level":"info","event":"<class 'pandas.core.frame.DataFrame'>","logger":"task.stdout"}
{"timestamp":"2026-05-27T18:44:58.224324Z","level":"info","event":"RangeIndex: 1001 entries, 0 to 1000","logger":"task.stdout"}
{"timestamp":"2026-05-27T18:44:58.224391Z","level":"info","event":"Data columns (total 7 columns):","logger":"task.stdout"}
{"timestamp":"2026-05-27T18:44:58.224456Z","level":"info","event":" #   Column      Non-Null Count  Dtype","logger":"task.stdout"}
{"timestamp":"2026-05-27T18:44:58.224515Z","level":"info","event":"---  ------      --------------  -----","logger":"task.stdout"}
{"timestamp":"2026-05-27T18:44:58.224568Z","level":"info","event":" 0   id          1000 non-null   object","logger":"task.stdout"}
{"timestamp":"2026-05-27T18:44:58.224620Z","level":"info","event":" 1   name        1000 non-null   object","logger":"task.stdout"}
{"timestamp":"2026-05-27T18:44:58.224671Z","level":"info","event":" 2   company_id  1000 non-null   object","logger":"task.stdout"}
{"timestamp":"2026-05-27T18:44:58.224721Z","level":"info","event":" 3   amount      1001 non-null   float64","logger":"task.stdout"}
{"timestamp":"2026-05-27T18:44:58.224772Z","level":"info","event":" 4   status      1001 non-null   object","logger":"task.stdout"}
{"timestamp":"2026-05-27T18:44:58.224812Z","level":"info","event":" 5   created_at  998 non-null    datetime64[ns]","logger":"task.stdout"}
{"timestamp":"2026-05-27T18:44:58.224853Z","level":"info","event":" 6   paid_at     573 non-null    datetime64[ns]","logger":"task.stdout"}
{"timestamp":"2026-05-27T18:44:58.224890Z","level":"info","event":"dtypes: datetime64[ns](2), float64(1), object(4)","logger":"task.stdout"}
{"timestamp":"2026-05-27T18:44:58.224928Z","level":"info","event":"memory usage: 54.9+ KB","logger":"task.stdout"}
{"timestamp":"2026-05-27T18:44:58.224965Z","level":"info","event":"DATAFRAME INFO: None","logger":"task.stdout"}
{"timestamp":"2026-05-27T18:44:58.224892Z","level":"info","event":"Done. Returned value was: None","logger":"airflow.task.operators.airflow.providers.standard.decorators.python._PythonDecoratedOperator","filename":"python.py","lineno":229}
