{"timestamp":"2026-05-29T23:05:43.815952Z","level":"info","event":"Filling up the DagBag from /opt/airflow/dags/dag_ecobici_estado_estaciones.py","logger":"airflow.dag_processing.dagbag.BundleDagBag","filename":"dagbag.py","lineno":469}
{"timestamp":"2026-05-29T23:05:43.857339Z","level":"warning","event":"The `airflow.decorators.dag` attribute is deprecated. Please use `'airflow.sdk.dag'`.","category":"UserWarning","filename":"/opt/airflow/dags/dag_ecobici_estado_estaciones.py","lineno":11,"logger":"py.warnings"}
{"timestamp":"2026-05-29T23:05:43.857449Z","level":"warning","event":"The `airflow.decorators.task` attribute is deprecated. Please use `'airflow.sdk.task'`.","category":"UserWarning","filename":"/opt/airflow/dags/dag_ecobici_estado_estaciones.py","lineno":11,"logger":"py.warnings"}
{"timestamp":"2026-05-29T23:05:43.857511Z","level":"warning","event":"The `airflow.operators.empty.EmptyOperator` attribute is deprecated. Please use `'airflow.providers.standard.operators.empty.EmptyOperator'`.","category":"UserWarning","filename":"/opt/airflow/dags/dag_ecobici_estado_estaciones.py","lineno":12,"logger":"py.warnings"}
{"timestamp":"2026-05-29T23:06:14.638206Z","level":"info","event":"Filling up the DagBag from /opt/airflow/dags/dag_ecobici_estado_estaciones.py","logger":"airflow.dag_processing.dagbag.BundleDagBag","filename":"dagbag.py","lineno":469}
{"timestamp":"2026-05-29T23:06:14.677544Z","level":"warning","event":"The `airflow.decorators.dag` attribute is deprecated. Please use `'airflow.sdk.dag'`.","category":"UserWarning","filename":"/opt/airflow/dags/dag_ecobici_estado_estaciones.py","lineno":11,"logger":"py.warnings"}
{"timestamp":"2026-05-29T23:06:14.677669Z","level":"warning","event":"The `airflow.decorators.task` attribute is deprecated. Please use `'airflow.sdk.task'`.","category":"UserWarning","filename":"/opt/airflow/dags/dag_ecobici_estado_estaciones.py","lineno":11,"logger":"py.warnings"}
{"timestamp":"2026-05-29T23:06:14.677735Z","level":"warning","event":"The `airflow.operators.empty.EmptyOperator` attribute is deprecated. Please use `'airflow.providers.standard.operators.empty.EmptyOperator'`.","category":"UserWarning","filename":"/opt/airflow/dags/dag_ecobici_estado_estaciones.py","lineno":12,"logger":"py.warnings"}
{"timestamp":"2026-05-29T23:06:45.471489Z","level":"info","event":"Filling up the DagBag from /opt/airflow/dags/dag_ecobici_estado_estaciones.py","logger":"airflow.dag_processing.dagbag.BundleDagBag","filename":"dagbag.py","lineno":469}
{"timestamp":"2026-05-29T23:06:45.513188Z","level":"warning","event":"The `airflow.decorators.dag` attribute is deprecated. Please use `'airflow.sdk.dag'`.","category":"UserWarning","filename":"/opt/airflow/dags/dag_ecobici_estado_estaciones.py","lineno":11,"logger":"py.warnings"}
{"timestamp":"2026-05-29T23:06:45.513313Z","level":"warning","event":"The `airflow.decorators.task` attribute is deprecated. Please use `'airflow.sdk.task'`.","category":"UserWarning","filename":"/opt/airflow/dags/dag_ecobici_estado_estaciones.py","lineno":11,"logger":"py.warnings"}
{"timestamp":"2026-05-29T23:06:45.513377Z","level":"warning","event":"The `airflow.operators.empty.EmptyOperator` attribute is deprecated. Please use `'airflow.providers.standard.operators.empty.EmptyOperator'`.","category":"UserWarning","filename":"/opt/airflow/dags/dag_ecobici_estado_estaciones.py","lineno":12,"logger":"py.warnings"}
{"timestamp":"2026-05-29T23:06:50.601199Z","level":"info","event":"Filling up the DagBag from /opt/airflow/dags/dag_ecobici_estado_estaciones.py","logger":"airflow.dag_processing.dagbag.BundleDagBag","filename":"dagbag.py","lineno":469}
{"timestamp":"2026-05-29T23:06:50.642919Z","level":"warning","event":"The `airflow.decorators.dag` attribute is deprecated. Please use `'airflow.sdk.dag'`.","category":"UserWarning","filename":"/opt/airflow/dags/dag_ecobici_estado_estaciones.py","lineno":11,"logger":"py.warnings"}
{"timestamp":"2026-05-29T23:06:50.643029Z","level":"warning","event":"The `airflow.decorators.task` attribute is deprecated. Please use `'airflow.sdk.task'`.","category":"UserWarning","filename":"/opt/airflow/dags/dag_ecobici_estado_estaciones.py","lineno":11,"logger":"py.warnings"}
{"timestamp":"2026-05-29T23:06:50.643096Z","level":"warning","event":"The `airflow.operators.empty.EmptyOperator` attribute is deprecated. Please use `'airflow.providers.standard.operators.empty.EmptyOperator'`.","category":"UserWarning","filename":"/opt/airflow/dags/dag_ecobici_estado_estaciones.py","lineno":12,"logger":"py.warnings"}
{"timestamp":"2026-05-29T23:07:21.469647Z","level":"info","event":"Filling up the DagBag from /opt/airflow/dags/dag_ecobici_estado_estaciones.py","logger":"airflow.dag_processing.dagbag.BundleDagBag","filename":"dagbag.py","lineno":469}
{"timestamp":"2026-05-29T23:07:21.509613Z","level":"warning","event":"The `airflow.decorators.dag` attribute is deprecated. Please use `'airflow.sdk.dag'`.","category":"UserWarning","filename":"/opt/airflow/dags/dag_ecobici_estado_estaciones.py","lineno":11,"logger":"py.warnings"}
{"timestamp":"2026-05-29T23:07:21.509725Z","level":"warning","event":"The `airflow.decorators.task` attribute is deprecated. Please use `'airflow.sdk.task'`.","category":"UserWarning","filename":"/opt/airflow/dags/dag_ecobici_estado_estaciones.py","lineno":11,"logger":"py.warnings"}
{"timestamp":"2026-05-29T23:07:21.509791Z","level":"warning","event":"The `airflow.operators.empty.EmptyOperator` attribute is deprecated. Please use `'airflow.providers.standard.operators.empty.EmptyOperator'`.","category":"UserWarning","filename":"/opt/airflow/dags/dag_ecobici_estado_estaciones.py","lineno":12,"logger":"py.warnings"}
{"timestamp":"2026-05-29T23:07:52.314853Z","level":"info","event":"Filling up the DagBag from /opt/airflow/dags/dag_ecobici_estado_estaciones.py","logger":"airflow.dag_processing.dagbag.BundleDagBag","filename":"dagbag.py","lineno":469}
{"timestamp":"2026-05-29T23:07:52.355269Z","level":"warning","event":"The `airflow.decorators.dag` attribute is deprecated. Please use `'airflow.sdk.dag'`.","category":"UserWarning","filename":"/opt/airflow/dags/dag_ecobici_estado_estaciones.py","lineno":11,"logger":"py.warnings"}
{"timestamp":"2026-05-29T23:07:52.355409Z","level":"warning","event":"The `airflow.decorators.task` attribute is deprecated. Please use `'airflow.sdk.task'`.","category":"UserWarning","filename":"/opt/airflow/dags/dag_ecobici_estado_estaciones.py","lineno":11,"logger":"py.warnings"}
{"timestamp":"2026-05-29T23:07:52.355496Z","level":"warning","event":"The `airflow.operators.empty.EmptyOperator` attribute is deprecated. Please use `'airflow.providers.standard.operators.empty.EmptyOperator'`.","category":"UserWarning","filename":"/opt/airflow/dags/dag_ecobici_estado_estaciones.py","lineno":12,"logger":"py.warnings"}
{"timestamp":"2026-05-29T23:08:23.175458Z","level":"info","event":"Filling up the DagBag from /opt/airflow/dags/dag_ecobici_estado_estaciones.py","logger":"airflow.dag_processing.dagbag.BundleDagBag","filename":"dagbag.py","lineno":469}
{"timestamp":"2026-05-29T23:08:23.215457Z","level":"warning","event":"The `airflow.decorators.dag` attribute is deprecated. Please use `'airflow.sdk.dag'`.","category":"UserWarning","filename":"/opt/airflow/dags/dag_ecobici_estado_estaciones.py","lineno":11,"logger":"py.warnings"}
{"timestamp":"2026-05-29T23:08:23.215592Z","level":"warning","event":"The `airflow.decorators.task` attribute is deprecated. Please use `'airflow.sdk.task'`.","category":"UserWarning","filename":"/opt/airflow/dags/dag_ecobici_estado_estaciones.py","lineno":11,"logger":"py.warnings"}
{"timestamp":"2026-05-29T23:08:23.215666Z","level":"warning","event":"The `airflow.operators.empty.EmptyOperator` attribute is deprecated. Please use `'airflow.providers.standard.operators.empty.EmptyOperator'`.","category":"UserWarning","filename":"/opt/airflow/dags/dag_ecobici_estado_estaciones.py","lineno":12,"logger":"py.warnings"}
{"timestamp":"2026-05-29T23:08:54.035826Z","level":"info","event":"Filling up the DagBag from /opt/airflow/dags/dag_ecobici_estado_estaciones.py","logger":"airflow.dag_processing.dagbag.BundleDagBag","filename":"dagbag.py","lineno":469}
{"timestamp":"2026-05-29T23:08:54.077476Z","level":"warning","event":"The `airflow.decorators.dag` attribute is deprecated. Please use `'airflow.sdk.dag'`.","category":"UserWarning","filename":"/opt/airflow/dags/dag_ecobici_estado_estaciones.py","lineno":11,"logger":"py.warnings"}
{"timestamp":"2026-05-29T23:08:54.077606Z","level":"warning","event":"The `airflow.decorators.task` attribute is deprecated. Please use `'airflow.sdk.task'`.","category":"UserWarning","filename":"/opt/airflow/dags/dag_ecobici_estado_estaciones.py","lineno":11,"logger":"py.warnings"}
{"timestamp":"2026-05-29T23:08:54.077671Z","level":"warning","event":"The `airflow.operators.empty.EmptyOperator` attribute is deprecated. Please use `'airflow.providers.standard.operators.empty.EmptyOperator'`.","category":"UserWarning","filename":"/opt/airflow/dags/dag_ecobici_estado_estaciones.py","lineno":12,"logger":"py.warnings"}
{"timestamp":"2026-05-29T23:09:24.909062Z","level":"info","event":"Filling up the DagBag from /opt/airflow/dags/dag_ecobici_estado_estaciones.py","logger":"airflow.dag_processing.dagbag.BundleDagBag","filename":"dagbag.py","lineno":469}
{"timestamp":"2026-05-29T23:09:24.950010Z","level":"warning","event":"The `airflow.decorators.dag` attribute is deprecated. Please use `'airflow.sdk.dag'`.","category":"UserWarning","filename":"/opt/airflow/dags/dag_ecobici_estado_estaciones.py","lineno":11,"logger":"py.warnings"}
{"timestamp":"2026-05-29T23:09:24.950115Z","level":"warning","event":"The `airflow.decorators.task` attribute is deprecated. Please use `'airflow.sdk.task'`.","category":"UserWarning","filename":"/opt/airflow/dags/dag_ecobici_estado_estaciones.py","lineno":11,"logger":"py.warnings"}
{"timestamp":"2026-05-29T23:09:24.950181Z","level":"warning","event":"The `airflow.operators.empty.EmptyOperator` attribute is deprecated. Please use `'airflow.providers.standard.operators.empty.EmptyOperator'`.","category":"UserWarning","filename":"/opt/airflow/dags/dag_ecobici_estado_estaciones.py","lineno":12,"logger":"py.warnings"}
{"timestamp":"2026-05-29T23:09:49.690591Z","level":"info","event":"Filling up the DagBag from /opt/airflow/dags/dag_ecobici_estado_estaciones.py","logger":"airflow.dag_processing.dagbag.BundleDagBag","filename":"dagbag.py","lineno":469}
{"timestamp":"2026-05-29T23:09:49.730805Z","level":"warning","event":"The `airflow.decorators.dag` attribute is deprecated. Please use `'airflow.sdk.dag'`.","category":"UserWarning","filename":"/opt/airflow/dags/dag_ecobici_estado_estaciones.py","lineno":11,"logger":"py.warnings"}
{"timestamp":"2026-05-29T23:09:49.730912Z","level":"warning","event":"The `airflow.decorators.task` attribute is deprecated. Please use `'airflow.sdk.task'`.","category":"UserWarning","filename":"/opt/airflow/dags/dag_ecobici_estado_estaciones.py","lineno":11,"logger":"py.warnings"}
{"timestamp":"2026-05-29T23:09:50.788934Z","level":"info","event":"Filling up the DagBag from /opt/airflow/dags/dag_ecobici_estado_estaciones.py","logger":"airflow.dag_processing.dagbag.BundleDagBag","filename":"dagbag.py","lineno":469}
{"timestamp":"2026-05-29T23:09:50.830191Z","level":"warning","event":"The `airflow.decorators.dag` attribute is deprecated. Please use `'airflow.sdk.dag'`.","category":"UserWarning","filename":"/opt/airflow/dags/dag_ecobici_estado_estaciones.py","lineno":11,"logger":"py.warnings"}
{"timestamp":"2026-05-29T23:09:50.830328Z","level":"warning","event":"The `airflow.decorators.task` attribute is deprecated. Please use `'airflow.sdk.task'`.","category":"UserWarning","filename":"/opt/airflow/dags/dag_ecobici_estado_estaciones.py","lineno":11,"logger":"py.warnings"}
{"timestamp":"2026-05-29T23:10:21.634371Z","level":"info","event":"Filling up the DagBag from /opt/airflow/dags/dag_ecobici_estado_estaciones.py","logger":"airflow.dag_processing.dagbag.BundleDagBag","filename":"dagbag.py","lineno":469}
{"timestamp":"2026-05-29T23:10:21.672633Z","level":"warning","event":"The `airflow.decorators.dag` attribute is deprecated. Please use `'airflow.sdk.dag'`.","category":"UserWarning","filename":"/opt/airflow/dags/dag_ecobici_estado_estaciones.py","lineno":11,"logger":"py.warnings"}
{"timestamp":"2026-05-29T23:10:21.672737Z","level":"warning","event":"The `airflow.decorators.task` attribute is deprecated. Please use `'airflow.sdk.task'`.","category":"UserWarning","filename":"/opt/airflow/dags/dag_ecobici_estado_estaciones.py","lineno":11,"logger":"py.warnings"}
{"timestamp":"2026-05-29T23:10:52.449859Z","level":"info","event":"Filling up the DagBag from /opt/airflow/dags/dag_ecobici_estado_estaciones.py","logger":"airflow.dag_processing.dagbag.BundleDagBag","filename":"dagbag.py","lineno":469}
{"timestamp":"2026-05-29T23:10:52.488912Z","level":"warning","event":"The `airflow.decorators.dag` attribute is deprecated. Please use `'airflow.sdk.dag'`.","category":"UserWarning","filename":"/opt/airflow/dags/dag_ecobici_estado_estaciones.py","lineno":11,"logger":"py.warnings"}
{"timestamp":"2026-05-29T23:10:52.489021Z","level":"warning","event":"The `airflow.decorators.task` attribute is deprecated. Please use `'airflow.sdk.task'`.","category":"UserWarning","filename":"/opt/airflow/dags/dag_ecobici_estado_estaciones.py","lineno":11,"logger":"py.warnings"}
{"timestamp":"2026-05-29T23:11:23.264235Z","level":"info","event":"Filling up the DagBag from /opt/airflow/dags/dag_ecobici_estado_estaciones.py","logger":"airflow.dag_processing.dagbag.BundleDagBag","filename":"dagbag.py","lineno":469}
{"timestamp":"2026-05-29T23:11:23.306107Z","level":"warning","event":"The `airflow.decorators.dag` attribute is deprecated. Please use `'airflow.sdk.dag'`.","category":"UserWarning","filename":"/opt/airflow/dags/dag_ecobici_estado_estaciones.py","lineno":11,"logger":"py.warnings"}
{"timestamp":"2026-05-29T23:11:23.306235Z","level":"warning","event":"The `airflow.decorators.task` attribute is deprecated. Please use `'airflow.sdk.task'`.","category":"UserWarning","filename":"/opt/airflow/dags/dag_ecobici_estado_estaciones.py","lineno":11,"logger":"py.warnings"}
{"timestamp":"2026-05-29T23:11:54.073688Z","level":"info","event":"Filling up the DagBag from /opt/airflow/dags/dag_ecobici_estado_estaciones.py","logger":"airflow.dag_processing.dagbag.BundleDagBag","filename":"dagbag.py","lineno":469}
{"timestamp":"2026-05-29T23:11:54.113672Z","level":"warning","event":"The `airflow.decorators.dag` attribute is deprecated. Please use `'airflow.sdk.dag'`.","category":"UserWarning","filename":"/opt/airflow/dags/dag_ecobici_estado_estaciones.py","lineno":11,"logger":"py.warnings"}
{"timestamp":"2026-05-29T23:11:54.113782Z","level":"warning","event":"The `airflow.decorators.task` attribute is deprecated. Please use `'airflow.sdk.task'`.","category":"UserWarning","filename":"/opt/airflow/dags/dag_ecobici_estado_estaciones.py","lineno":11,"logger":"py.warnings"}
{"timestamp":"2026-05-29T23:12:24.891213Z","level":"info","event":"Filling up the DagBag from /opt/airflow/dags/dag_ecobici_estado_estaciones.py","logger":"airflow.dag_processing.dagbag.BundleDagBag","filename":"dagbag.py","lineno":469}
{"timestamp":"2026-05-29T23:12:24.929280Z","level":"warning","event":"The `airflow.decorators.dag` attribute is deprecated. Please use `'airflow.sdk.dag'`.","category":"UserWarning","filename":"/opt/airflow/dags/dag_ecobici_estado_estaciones.py","lineno":11,"logger":"py.warnings"}
{"timestamp":"2026-05-29T23:12:24.929384Z","level":"warning","event":"The `airflow.decorators.task` attribute is deprecated. Please use `'airflow.sdk.task'`.","category":"UserWarning","filename":"/opt/airflow/dags/dag_ecobici_estado_estaciones.py","lineno":11,"logger":"py.warnings"}
{"timestamp":"2026-05-29T23:12:55.706517Z","level":"info","event":"Filling up the DagBag from /opt/airflow/dags/dag_ecobici_estado_estaciones.py","logger":"airflow.dag_processing.dagbag.BundleDagBag","filename":"dagbag.py","lineno":469}
{"timestamp":"2026-05-29T23:12:55.744750Z","level":"warning","event":"The `airflow.decorators.dag` attribute is deprecated. Please use `'airflow.sdk.dag'`.","category":"UserWarning","filename":"/opt/airflow/dags/dag_ecobici_estado_estaciones.py","lineno":11,"logger":"py.warnings"}
{"timestamp":"2026-05-29T23:12:55.744855Z","level":"warning","event":"The `airflow.decorators.task` attribute is deprecated. Please use `'airflow.sdk.task'`.","category":"UserWarning","filename":"/opt/airflow/dags/dag_ecobici_estado_estaciones.py","lineno":11,"logger":"py.warnings"}
{"timestamp":"2026-05-29T23:13:26.568769Z","level":"info","event":"Filling up the DagBag from /opt/airflow/dags/dag_ecobici_estado_estaciones.py","logger":"airflow.dag_processing.dagbag.BundleDagBag","filename":"dagbag.py","lineno":469}
{"timestamp":"2026-05-29T23:13:26.607915Z","level":"warning","event":"The `airflow.decorators.dag` attribute is deprecated. Please use `'airflow.sdk.dag'`.","category":"UserWarning","filename":"/opt/airflow/dags/dag_ecobici_estado_estaciones.py","lineno":11,"logger":"py.warnings"}
{"timestamp":"2026-05-29T23:13:26.608020Z","level":"warning","event":"The `airflow.decorators.task` attribute is deprecated. Please use `'airflow.sdk.task'`.","category":"UserWarning","filename":"/opt/airflow/dags/dag_ecobici_estado_estaciones.py","lineno":11,"logger":"py.warnings"}
{"timestamp":"2026-05-29T23:13:57.474799Z","level":"info","event":"Filling up the DagBag from /opt/airflow/dags/dag_ecobici_estado_estaciones.py","logger":"airflow.dag_processing.dagbag.BundleDagBag","filename":"dagbag.py","lineno":469}
{"timestamp":"2026-05-29T23:13:57.512747Z","level":"warning","event":"The `airflow.decorators.dag` attribute is deprecated. Please use `'airflow.sdk.dag'`.","category":"UserWarning","filename":"/opt/airflow/dags/dag_ecobici_estado_estaciones.py","lineno":11,"logger":"py.warnings"}
{"timestamp":"2026-05-29T23:13:57.512856Z","level":"warning","event":"The `airflow.decorators.task` attribute is deprecated. Please use `'airflow.sdk.task'`.","category":"UserWarning","filename":"/opt/airflow/dags/dag_ecobici_estado_estaciones.py","lineno":11,"logger":"py.warnings"}
{"timestamp":"2026-05-29T23:14:28.300072Z","level":"info","event":"Filling up the DagBag from /opt/airflow/dags/dag_ecobici_estado_estaciones.py","logger":"airflow.dag_processing.dagbag.BundleDagBag","filename":"dagbag.py","lineno":469}
{"timestamp":"2026-05-29T23:14:28.337950Z","level":"warning","event":"The `airflow.decorators.dag` attribute is deprecated. Please use `'airflow.sdk.dag'`.","category":"UserWarning","filename":"/opt/airflow/dags/dag_ecobici_estado_estaciones.py","lineno":11,"logger":"py.warnings"}
{"timestamp":"2026-05-29T23:14:28.338063Z","level":"warning","event":"The `airflow.decorators.task` attribute is deprecated. Please use `'airflow.sdk.task'`.","category":"UserWarning","filename":"/opt/airflow/dags/dag_ecobici_estado_estaciones.py","lineno":11,"logger":"py.warnings"}
{"timestamp":"2026-05-29T23:14:49.056278Z","level":"info","event":"Filling up the DagBag from /opt/airflow/dags/dag_ecobici_estado_estaciones.py","logger":"airflow.dag_processing.dagbag.BundleDagBag","filename":"dagbag.py","lineno":469}
{"timestamp":"2026-05-29T23:14:49.099505Z","level":"warning","event":"The `airflow.decorators.dag` attribute is deprecated. Please use `'airflow.sdk.dag'`.","category":"UserWarning","filename":"/opt/airflow/dags/dag_ecobici_estado_estaciones.py","lineno":11,"logger":"py.warnings"}
{"timestamp":"2026-05-29T23:14:49.099620Z","level":"warning","event":"The `airflow.decorators.task` attribute is deprecated. Please use `'airflow.sdk.task'`.","category":"UserWarning","filename":"/opt/airflow/dags/dag_ecobici_estado_estaciones.py","lineno":11,"logger":"py.warnings"}
{"timestamp":"2026-05-29T23:15:13.298527Z","level":"info","event":"Filling up the DagBag from /opt/airflow/dags/dag_ecobici_estado_estaciones.py","logger":"airflow.dag_processing.dagbag.BundleDagBag","filename":"dagbag.py","lineno":469}
{"timestamp":"2026-05-29T23:15:13.339945Z","level":"warning","event":"The `airflow.decorators.dag` attribute is deprecated. Please use `'airflow.sdk.dag'`.","category":"UserWarning","filename":"/opt/airflow/dags/dag_ecobici_estado_estaciones.py","lineno":11,"logger":"py.warnings"}
{"timestamp":"2026-05-29T23:15:13.340050Z","level":"warning","event":"The `airflow.decorators.task` attribute is deprecated. Please use `'airflow.sdk.task'`.","category":"UserWarning","filename":"/opt/airflow/dags/dag_ecobici_estado_estaciones.py","lineno":11,"logger":"py.warnings"}
{"timestamp":"2026-05-29T23:15:14.399975Z","level":"info","event":"Filling up the DagBag from /opt/airflow/dags/dag_ecobici_estado_estaciones.py","logger":"airflow.dag_processing.dagbag.BundleDagBag","filename":"dagbag.py","lineno":469}
{"timestamp":"2026-05-29T23:15:14.438728Z","level":"warning","event":"The `airflow.decorators.dag` attribute is deprecated. Please use `'airflow.sdk.dag'`.","category":"UserWarning","filename":"/opt/airflow/dags/dag_ecobici_estado_estaciones.py","lineno":11,"logger":"py.warnings"}
{"timestamp":"2026-05-29T23:15:14.438830Z","level":"warning","event":"The `airflow.decorators.task` attribute is deprecated. Please use `'airflow.sdk.task'`.","category":"UserWarning","filename":"/opt/airflow/dags/dag_ecobici_estado_estaciones.py","lineno":11,"logger":"py.warnings"}
{"timestamp":"2026-05-29T23:15:22.074063Z","level":"info","event":"Filling up the DagBag from /opt/airflow/dags/dag_ecobici_estado_estaciones.py","logger":"airflow.dag_processing.dagbag.BundleDagBag","filename":"dagbag.py","lineno":469}
{"timestamp":"2026-05-29T23:15:22.114211Z","level":"warning","event":"The `airflow.decorators.dag` attribute is deprecated. Please use `'airflow.sdk.dag'`.","category":"UserWarning","filename":"/opt/airflow/dags/dag_ecobici_estado_estaciones.py","lineno":11,"logger":"py.warnings"}
{"timestamp":"2026-05-29T23:15:22.114318Z","level":"warning","event":"The `airflow.decorators.task` attribute is deprecated. Please use `'airflow.sdk.task'`.","category":"UserWarning","filename":"/opt/airflow/dags/dag_ecobici_estado_estaciones.py","lineno":11,"logger":"py.warnings"}
{"timestamp":"2026-05-29T23:15:23.165555Z","level":"info","event":"Filling up the DagBag from /opt/airflow/dags/dag_ecobici_estado_estaciones.py","logger":"airflow.dag_processing.dagbag.BundleDagBag","filename":"dagbag.py","lineno":469}
{"timestamp":"2026-05-29T23:15:23.205115Z","level":"warning","event":"The `airflow.decorators.dag` attribute is deprecated. Please use `'airflow.sdk.dag'`.","category":"UserWarning","filename":"/opt/airflow/dags/dag_ecobici_estado_estaciones.py","lineno":11,"logger":"py.warnings"}
{"timestamp":"2026-05-29T23:15:23.205224Z","level":"warning","event":"The `airflow.decorators.task` attribute is deprecated. Please use `'airflow.sdk.task'`.","category":"UserWarning","filename":"/opt/airflow/dags/dag_ecobici_estado_estaciones.py","lineno":11,"logger":"py.warnings"}
{"timestamp":"2026-05-29T23:15:54.001501Z","level":"info","event":"Filling up the DagBag from /opt/airflow/dags/dag_ecobici_estado_estaciones.py","logger":"airflow.dag_processing.dagbag.BundleDagBag","filename":"dagbag.py","lineno":469}
{"timestamp":"2026-05-29T23:15:54.039953Z","level":"warning","event":"The `airflow.decorators.dag` attribute is deprecated. Please use `'airflow.sdk.dag'`.","category":"UserWarning","filename":"/opt/airflow/dags/dag_ecobici_estado_estaciones.py","lineno":11,"logger":"py.warnings"}
{"timestamp":"2026-05-29T23:15:54.040063Z","level":"warning","event":"The `airflow.decorators.task` attribute is deprecated. Please use `'airflow.sdk.task'`.","category":"UserWarning","filename":"/opt/airflow/dags/dag_ecobici_estado_estaciones.py","lineno":11,"logger":"py.warnings"}
{"timestamp":"2026-05-29T23:16:24.917631Z","level":"info","event":"Filling up the DagBag from /opt/airflow/dags/dag_ecobici_estado_estaciones.py","logger":"airflow.dag_processing.dagbag.BundleDagBag","filename":"dagbag.py","lineno":469}
{"timestamp":"2026-05-29T23:16:24.955820Z","level":"warning","event":"The `airflow.decorators.dag` attribute is deprecated. Please use `'airflow.sdk.dag'`.","category":"UserWarning","filename":"/opt/airflow/dags/dag_ecobici_estado_estaciones.py","lineno":11,"logger":"py.warnings"}
{"timestamp":"2026-05-29T23:16:24.955923Z","level":"warning","event":"The `airflow.decorators.task` attribute is deprecated. Please use `'airflow.sdk.task'`.","category":"UserWarning","filename":"/opt/airflow/dags/dag_ecobici_estado_estaciones.py","lineno":11,"logger":"py.warnings"}
{"timestamp":"2026-05-29T23:16:55.842424Z","level":"info","event":"Filling up the DagBag from /opt/airflow/dags/dag_ecobici_estado_estaciones.py","logger":"airflow.dag_processing.dagbag.BundleDagBag","filename":"dagbag.py","lineno":469}
{"timestamp":"2026-05-29T23:16:55.880626Z","level":"warning","event":"The `airflow.decorators.dag` attribute is deprecated. Please use `'airflow.sdk.dag'`.","category":"UserWarning","filename":"/opt/airflow/dags/dag_ecobici_estado_estaciones.py","lineno":11,"logger":"py.warnings"}
{"timestamp":"2026-05-29T23:16:55.880731Z","level":"warning","event":"The `airflow.decorators.task` attribute is deprecated. Please use `'airflow.sdk.task'`.","category":"UserWarning","filename":"/opt/airflow/dags/dag_ecobici_estado_estaciones.py","lineno":11,"logger":"py.warnings"}
{"timestamp":"2026-05-29T23:17:26.757483Z","level":"info","event":"Filling up the DagBag from /opt/airflow/dags/dag_ecobici_estado_estaciones.py","logger":"airflow.dag_processing.dagbag.BundleDagBag","filename":"dagbag.py","lineno":469}
{"timestamp":"2026-05-29T23:17:26.795783Z","level":"warning","event":"The `airflow.decorators.dag` attribute is deprecated. Please use `'airflow.sdk.dag'`.","category":"UserWarning","filename":"/opt/airflow/dags/dag_ecobici_estado_estaciones.py","lineno":11,"logger":"py.warnings"}
{"timestamp":"2026-05-29T23:17:26.795888Z","level":"warning","event":"The `airflow.decorators.task` attribute is deprecated. Please use `'airflow.sdk.task'`.","category":"UserWarning","filename":"/opt/airflow/dags/dag_ecobici_estado_estaciones.py","lineno":11,"logger":"py.warnings"}
{"timestamp":"2026-05-29T23:17:57.651862Z","level":"info","event":"Filling up the DagBag from /opt/airflow/dags/dag_ecobici_estado_estaciones.py","logger":"airflow.dag_processing.dagbag.BundleDagBag","filename":"dagbag.py","lineno":469}
{"timestamp":"2026-05-29T23:17:57.691102Z","level":"warning","event":"The `airflow.decorators.dag` attribute is deprecated. Please use `'airflow.sdk.dag'`.","category":"UserWarning","filename":"/opt/airflow/dags/dag_ecobici_estado_estaciones.py","lineno":11,"logger":"py.warnings"}
{"timestamp":"2026-05-29T23:17:57.691210Z","level":"warning","event":"The `airflow.decorators.task` attribute is deprecated. Please use `'airflow.sdk.task'`.","category":"UserWarning","filename":"/opt/airflow/dags/dag_ecobici_estado_estaciones.py","lineno":11,"logger":"py.warnings"}
{"timestamp":"2026-05-29T23:18:12.850691Z","level":"info","event":"Filling up the DagBag from /opt/airflow/dags/dag_ecobici_estado_estaciones.py","logger":"airflow.dag_processing.dagbag.BundleDagBag","filename":"dagbag.py","lineno":469}
{"timestamp":"2026-05-29T23:18:12.890051Z","level":"warning","event":"The `airflow.decorators.dag` attribute is deprecated. Please use `'airflow.sdk.dag'`.","category":"UserWarning","filename":"/opt/airflow/dags/dag_ecobici_estado_estaciones.py","lineno":11,"logger":"py.warnings"}
{"timestamp":"2026-05-29T23:18:12.890162Z","level":"warning","event":"The `airflow.decorators.task` attribute is deprecated. Please use `'airflow.sdk.task'`.","category":"UserWarning","filename":"/opt/airflow/dags/dag_ecobici_estado_estaciones.py","lineno":11,"logger":"py.warnings"}
{"timestamp":"2026-05-29T23:18:43.678460Z","level":"info","event":"Filling up the DagBag from /opt/airflow/dags/dag_ecobici_estado_estaciones.py","logger":"airflow.dag_processing.dagbag.BundleDagBag","filename":"dagbag.py","lineno":469}
{"timestamp":"2026-05-29T23:18:43.716947Z","level":"warning","event":"The `airflow.decorators.dag` attribute is deprecated. Please use `'airflow.sdk.dag'`.","category":"UserWarning","filename":"/opt/airflow/dags/dag_ecobici_estado_estaciones.py","lineno":11,"logger":"py.warnings"}
{"timestamp":"2026-05-29T23:18:43.717053Z","level":"warning","event":"The `airflow.decorators.task` attribute is deprecated. Please use `'airflow.sdk.task'`.","category":"UserWarning","filename":"/opt/airflow/dags/dag_ecobici_estado_estaciones.py","lineno":11,"logger":"py.warnings"}
{"timestamp":"2026-05-29T23:19:14.593686Z","level":"info","event":"Filling up the DagBag from /opt/airflow/dags/dag_ecobici_estado_estaciones.py","logger":"airflow.dag_processing.dagbag.BundleDagBag","filename":"dagbag.py","lineno":469}
{"timestamp":"2026-05-29T23:19:14.631594Z","level":"warning","event":"The `airflow.decorators.dag` attribute is deprecated. Please use `'airflow.sdk.dag'`.","category":"UserWarning","filename":"/opt/airflow/dags/dag_ecobici_estado_estaciones.py","lineno":11,"logger":"py.warnings"}
{"timestamp":"2026-05-29T23:19:14.631699Z","level":"warning","event":"The `airflow.decorators.task` attribute is deprecated. Please use `'airflow.sdk.task'`.","category":"UserWarning","filename":"/opt/airflow/dags/dag_ecobici_estado_estaciones.py","lineno":11,"logger":"py.warnings"}
{"timestamp":"2026-05-29T23:19:45.523844Z","level":"info","event":"Filling up the DagBag from /opt/airflow/dags/dag_ecobici_estado_estaciones.py","logger":"airflow.dag_processing.dagbag.BundleDagBag","filename":"dagbag.py","lineno":469}
{"timestamp":"2026-05-29T23:19:45.563460Z","level":"warning","event":"The `airflow.decorators.dag` attribute is deprecated. Please use `'airflow.sdk.dag'`.","category":"UserWarning","filename":"/opt/airflow/dags/dag_ecobici_estado_estaciones.py","lineno":11,"logger":"py.warnings"}
{"timestamp":"2026-05-29T23:19:45.563643Z","level":"warning","event":"The `airflow.decorators.task` attribute is deprecated. Please use `'airflow.sdk.task'`.","category":"UserWarning","filename":"/opt/airflow/dags/dag_ecobici_estado_estaciones.py","lineno":11,"logger":"py.warnings"}
{"timestamp":"2026-05-29T23:20:16.503461Z","level":"info","event":"Filling up the DagBag from /opt/airflow/dags/dag_ecobici_estado_estaciones.py","logger":"airflow.dag_processing.dagbag.BundleDagBag","filename":"dagbag.py","lineno":469}
{"timestamp":"2026-05-29T23:20:16.546597Z","level":"warning","event":"The `airflow.decorators.dag` attribute is deprecated. Please use `'airflow.sdk.dag'`.","category":"UserWarning","filename":"/opt/airflow/dags/dag_ecobici_estado_estaciones.py","lineno":11,"logger":"py.warnings"}
{"timestamp":"2026-05-29T23:20:16.546746Z","level":"warning","event":"The `airflow.decorators.task` attribute is deprecated. Please use `'airflow.sdk.task'`.","category":"UserWarning","filename":"/opt/airflow/dags/dag_ecobici_estado_estaciones.py","lineno":11,"logger":"py.warnings"}
{"timestamp":"2026-05-29T23:20:47.510086Z","level":"info","event":"Filling up the DagBag from /opt/airflow/dags/dag_ecobici_estado_estaciones.py","logger":"airflow.dag_processing.dagbag.BundleDagBag","filename":"dagbag.py","lineno":469}
{"timestamp":"2026-05-29T23:20:47.550550Z","level":"warning","event":"The `airflow.decorators.dag` attribute is deprecated. Please use `'airflow.sdk.dag'`.","category":"UserWarning","filename":"/opt/airflow/dags/dag_ecobici_estado_estaciones.py","lineno":11,"logger":"py.warnings"}
{"timestamp":"2026-05-29T23:20:47.550677Z","level":"warning","event":"The `airflow.decorators.task` attribute is deprecated. Please use `'airflow.sdk.task'`.","category":"UserWarning","filename":"/opt/airflow/dags/dag_ecobici_estado_estaciones.py","lineno":11,"logger":"py.warnings"}
{"timestamp":"2026-05-29T23:21:18.426992Z","level":"info","event":"Filling up the DagBag from /opt/airflow/dags/dag_ecobici_estado_estaciones.py","logger":"airflow.dag_processing.dagbag.BundleDagBag","filename":"dagbag.py","lineno":469}
{"timestamp":"2026-05-29T23:21:18.466394Z","level":"warning","event":"The `airflow.decorators.dag` attribute is deprecated. Please use `'airflow.sdk.dag'`.","category":"UserWarning","filename":"/opt/airflow/dags/dag_ecobici_estado_estaciones.py","lineno":11,"logger":"py.warnings"}
{"timestamp":"2026-05-29T23:21:18.466498Z","level":"warning","event":"The `airflow.decorators.task` attribute is deprecated. Please use `'airflow.sdk.task'`.","category":"UserWarning","filename":"/opt/airflow/dags/dag_ecobici_estado_estaciones.py","lineno":11,"logger":"py.warnings"}
{"timestamp":"2026-05-29T23:21:49.356694Z","level":"info","event":"Filling up the DagBag from /opt/airflow/dags/dag_ecobici_estado_estaciones.py","logger":"airflow.dag_processing.dagbag.BundleDagBag","filename":"dagbag.py","lineno":469}
{"timestamp":"2026-05-29T23:21:49.397981Z","level":"warning","event":"The `airflow.decorators.dag` attribute is deprecated. Please use `'airflow.sdk.dag'`.","category":"UserWarning","filename":"/opt/airflow/dags/dag_ecobici_estado_estaciones.py","lineno":11,"logger":"py.warnings"}
{"timestamp":"2026-05-29T23:21:49.398092Z","level":"warning","event":"The `airflow.decorators.task` attribute is deprecated. Please use `'airflow.sdk.task'`.","category":"UserWarning","filename":"/opt/airflow/dags/dag_ecobici_estado_estaciones.py","lineno":11,"logger":"py.warnings"}
{"timestamp":"2026-05-29T23:22:20.349253Z","level":"info","event":"Filling up the DagBag from /opt/airflow/dags/dag_ecobici_estado_estaciones.py","logger":"airflow.dag_processing.dagbag.BundleDagBag","filename":"dagbag.py","lineno":469}
{"timestamp":"2026-05-29T23:22:20.387933Z","level":"warning","event":"The `airflow.decorators.dag` attribute is deprecated. Please use `'airflow.sdk.dag'`.","category":"UserWarning","filename":"/opt/airflow/dags/dag_ecobici_estado_estaciones.py","lineno":11,"logger":"py.warnings"}
{"timestamp":"2026-05-29T23:22:20.388045Z","level":"warning","event":"The `airflow.decorators.task` attribute is deprecated. Please use `'airflow.sdk.task'`.","category":"UserWarning","filename":"/opt/airflow/dags/dag_ecobici_estado_estaciones.py","lineno":11,"logger":"py.warnings"}
{"timestamp":"2026-05-29T23:22:48.249708Z","level":"info","event":"Filling up the DagBag from /opt/airflow/dags/dag_ecobici_estado_estaciones.py","logger":"airflow.dag_processing.dagbag.BundleDagBag","filename":"dagbag.py","lineno":469}
{"timestamp":"2026-05-29T23:22:48.289719Z","level":"warning","event":"The `airflow.decorators.dag` attribute is deprecated. Please use `'airflow.sdk.dag'`.","category":"UserWarning","filename":"/opt/airflow/dags/dag_ecobici_estado_estaciones.py","lineno":11,"logger":"py.warnings"}
{"timestamp":"2026-05-29T23:22:48.289823Z","level":"warning","event":"The `airflow.decorators.task` attribute is deprecated. Please use `'airflow.sdk.task'`.","category":"UserWarning","filename":"/opt/airflow/dags/dag_ecobici_estado_estaciones.py","lineno":11,"logger":"py.warnings"}
{"timestamp":"2026-05-29T23:23:19.179010Z","level":"info","event":"Filling up the DagBag from /opt/airflow/dags/dag_ecobici_estado_estaciones.py","logger":"airflow.dag_processing.dagbag.BundleDagBag","filename":"dagbag.py","lineno":469}
{"timestamp":"2026-05-29T23:23:19.220816Z","level":"warning","event":"The `airflow.decorators.dag` attribute is deprecated. Please use `'airflow.sdk.dag'`.","category":"UserWarning","filename":"/opt/airflow/dags/dag_ecobici_estado_estaciones.py","lineno":11,"logger":"py.warnings"}
{"timestamp":"2026-05-29T23:23:19.220932Z","level":"warning","event":"The `airflow.decorators.task` attribute is deprecated. Please use `'airflow.sdk.task'`.","category":"UserWarning","filename":"/opt/airflow/dags/dag_ecobici_estado_estaciones.py","lineno":11,"logger":"py.warnings"}
{"timestamp":"2026-05-29T23:23:50.098379Z","level":"info","event":"Filling up the DagBag from /opt/airflow/dags/dag_ecobici_estado_estaciones.py","logger":"airflow.dag_processing.dagbag.BundleDagBag","filename":"dagbag.py","lineno":469}
{"timestamp":"2026-05-29T23:23:50.138818Z","level":"warning","event":"The `airflow.decorators.dag` attribute is deprecated. Please use `'airflow.sdk.dag'`.","category":"UserWarning","filename":"/opt/airflow/dags/dag_ecobici_estado_estaciones.py","lineno":11,"logger":"py.warnings"}
{"timestamp":"2026-05-29T23:23:50.138927Z","level":"warning","event":"The `airflow.decorators.task` attribute is deprecated. Please use `'airflow.sdk.task'`.","category":"UserWarning","filename":"/opt/airflow/dags/dag_ecobici_estado_estaciones.py","lineno":11,"logger":"py.warnings"}
{"timestamp":"2026-05-29T23:24:05.931968Z","level":"info","event":"Filling up the DagBag from /opt/airflow/dags/dag_ecobici_estado_estaciones.py","logger":"airflow.dag_processing.dagbag.BundleDagBag","filename":"dagbag.py","lineno":469}
{"timestamp":"2026-05-29T23:24:05.975202Z","level":"warning","event":"The `airflow.decorators.dag` attribute is deprecated. Please use `'airflow.sdk.dag'`.","category":"UserWarning","filename":"/opt/airflow/dags/dag_ecobici_estado_estaciones.py","lineno":11,"logger":"py.warnings"}
{"timestamp":"2026-05-29T23:24:05.975338Z","level":"warning","event":"The `airflow.decorators.task` attribute is deprecated. Please use `'airflow.sdk.task'`.","category":"UserWarning","filename":"/opt/airflow/dags/dag_ecobici_estado_estaciones.py","lineno":11,"logger":"py.warnings"}
{"timestamp":"2026-05-29T23:24:36.933833Z","level":"info","event":"Filling up the DagBag from /opt/airflow/dags/dag_ecobici_estado_estaciones.py","logger":"airflow.dag_processing.dagbag.BundleDagBag","filename":"dagbag.py","lineno":469}
{"timestamp":"2026-05-29T23:24:36.972799Z","level":"warning","event":"The `airflow.decorators.dag` attribute is deprecated. Please use `'airflow.sdk.dag'`.","category":"UserWarning","filename":"/opt/airflow/dags/dag_ecobici_estado_estaciones.py","lineno":11,"logger":"py.warnings"}
{"timestamp":"2026-05-29T23:24:36.972914Z","level":"warning","event":"The `airflow.decorators.task` attribute is deprecated. Please use `'airflow.sdk.task'`.","category":"UserWarning","filename":"/opt/airflow/dags/dag_ecobici_estado_estaciones.py","lineno":11,"logger":"py.warnings"}
{"timestamp":"2026-05-29T23:25:07.870502Z","level":"info","event":"Filling up the DagBag from /opt/airflow/dags/dag_ecobici_estado_estaciones.py","logger":"airflow.dag_processing.dagbag.BundleDagBag","filename":"dagbag.py","lineno":469}
{"timestamp":"2026-05-29T23:25:07.912665Z","level":"warning","event":"The `airflow.decorators.dag` attribute is deprecated. Please use `'airflow.sdk.dag'`.","category":"UserWarning","filename":"/opt/airflow/dags/dag_ecobici_estado_estaciones.py","lineno":11,"logger":"py.warnings"}
{"timestamp":"2026-05-29T23:25:07.912805Z","level":"warning","event":"The `airflow.decorators.task` attribute is deprecated. Please use `'airflow.sdk.task'`.","category":"UserWarning","filename":"/opt/airflow/dags/dag_ecobici_estado_estaciones.py","lineno":11,"logger":"py.warnings"}
{"timestamp":"2026-05-29T23:25:38.832118Z","level":"info","event":"Filling up the DagBag from /opt/airflow/dags/dag_ecobici_estado_estaciones.py","logger":"airflow.dag_processing.dagbag.BundleDagBag","filename":"dagbag.py","lineno":469}
{"timestamp":"2026-05-29T23:25:38.871021Z","level":"warning","event":"The `airflow.decorators.dag` attribute is deprecated. Please use `'airflow.sdk.dag'`.","category":"UserWarning","filename":"/opt/airflow/dags/dag_ecobici_estado_estaciones.py","lineno":11,"logger":"py.warnings"}
{"timestamp":"2026-05-29T23:25:38.871128Z","level":"warning","event":"The `airflow.decorators.task` attribute is deprecated. Please use `'airflow.sdk.task'`.","category":"UserWarning","filename":"/opt/airflow/dags/dag_ecobici_estado_estaciones.py","lineno":11,"logger":"py.warnings"}
{"timestamp":"2026-05-29T23:26:09.770553Z","level":"info","event":"Filling up the DagBag from /opt/airflow/dags/dag_ecobici_estado_estaciones.py","logger":"airflow.dag_processing.dagbag.BundleDagBag","filename":"dagbag.py","lineno":469}
{"timestamp":"2026-05-29T23:26:09.809403Z","level":"warning","event":"The `airflow.decorators.dag` attribute is deprecated. Please use `'airflow.sdk.dag'`.","category":"UserWarning","filename":"/opt/airflow/dags/dag_ecobici_estado_estaciones.py","lineno":11,"logger":"py.warnings"}
{"timestamp":"2026-05-29T23:26:09.809526Z","level":"warning","event":"The `airflow.decorators.task` attribute is deprecated. Please use `'airflow.sdk.task'`.","category":"UserWarning","filename":"/opt/airflow/dags/dag_ecobici_estado_estaciones.py","lineno":11,"logger":"py.warnings"}
{"timestamp":"2026-05-29T23:26:40.717673Z","level":"info","event":"Filling up the DagBag from /opt/airflow/dags/dag_ecobici_estado_estaciones.py","logger":"airflow.dag_processing.dagbag.BundleDagBag","filename":"dagbag.py","lineno":469}
{"timestamp":"2026-05-29T23:26:40.756267Z","level":"warning","event":"The `airflow.decorators.dag` attribute is deprecated. Please use `'airflow.sdk.dag'`.","category":"UserWarning","filename":"/opt/airflow/dags/dag_ecobici_estado_estaciones.py","lineno":11,"logger":"py.warnings"}
{"timestamp":"2026-05-29T23:26:40.756376Z","level":"warning","event":"The `airflow.decorators.task` attribute is deprecated. Please use `'airflow.sdk.task'`.","category":"UserWarning","filename":"/opt/airflow/dags/dag_ecobici_estado_estaciones.py","lineno":11,"logger":"py.warnings"}
{"timestamp":"2026-05-29T23:27:03.950432Z","level":"info","event":"Filling up the DagBag from /opt/airflow/dags/dag_ecobici_estado_estaciones.py","logger":"airflow.dag_processing.dagbag.BundleDagBag","filename":"dagbag.py","lineno":469}
{"timestamp":"2026-05-29T23:27:03.990481Z","level":"warning","event":"The `airflow.decorators.dag` attribute is deprecated. Please use `'airflow.sdk.dag'`.","category":"UserWarning","filename":"/opt/airflow/dags/dag_ecobici_estado_estaciones.py","lineno":11,"logger":"py.warnings"}
{"timestamp":"2026-05-29T23:27:03.990650Z","level":"warning","event":"The `airflow.decorators.task` attribute is deprecated. Please use `'airflow.sdk.task'`.","category":"UserWarning","filename":"/opt/airflow/dags/dag_ecobici_estado_estaciones.py","lineno":11,"logger":"py.warnings"}
{"timestamp":"2026-05-29T23:27:05.046269Z","level":"info","event":"Filling up the DagBag from /opt/airflow/dags/dag_ecobici_estado_estaciones.py","logger":"airflow.dag_processing.dagbag.BundleDagBag","filename":"dagbag.py","lineno":469}
{"timestamp":"2026-05-29T23:27:05.086869Z","level":"warning","event":"The `airflow.decorators.dag` attribute is deprecated. Please use `'airflow.sdk.dag'`.","category":"UserWarning","filename":"/opt/airflow/dags/dag_ecobici_estado_estaciones.py","lineno":11,"logger":"py.warnings"}
{"timestamp":"2026-05-29T23:27:05.087008Z","level":"warning","event":"The `airflow.decorators.task` attribute is deprecated. Please use `'airflow.sdk.task'`.","category":"UserWarning","filename":"/opt/airflow/dags/dag_ecobici_estado_estaciones.py","lineno":11,"logger":"py.warnings"}
{"timestamp":"2026-05-29T23:27:35.982581Z","level":"info","event":"Filling up the DagBag from /opt/airflow/dags/dag_ecobici_estado_estaciones.py","logger":"airflow.dag_processing.dagbag.BundleDagBag","filename":"dagbag.py","lineno":469}
{"timestamp":"2026-05-29T23:27:36.022328Z","level":"warning","event":"The `airflow.decorators.dag` attribute is deprecated. Please use `'airflow.sdk.dag'`.","category":"UserWarning","filename":"/opt/airflow/dags/dag_ecobici_estado_estaciones.py","lineno":11,"logger":"py.warnings"}
{"timestamp":"2026-05-29T23:27:36.022465Z","level":"warning","event":"The `airflow.decorators.task` attribute is deprecated. Please use `'airflow.sdk.task'`.","category":"UserWarning","filename":"/opt/airflow/dags/dag_ecobici_estado_estaciones.py","lineno":11,"logger":"py.warnings"}
{"timestamp":"2026-05-29T23:28:06.917239Z","level":"info","event":"Filling up the DagBag from /opt/airflow/dags/dag_ecobici_estado_estaciones.py","logger":"airflow.dag_processing.dagbag.BundleDagBag","filename":"dagbag.py","lineno":469}
{"timestamp":"2026-05-29T23:28:06.955993Z","level":"warning","event":"The `airflow.decorators.dag` attribute is deprecated. Please use `'airflow.sdk.dag'`.","category":"UserWarning","filename":"/opt/airflow/dags/dag_ecobici_estado_estaciones.py","lineno":11,"logger":"py.warnings"}
{"timestamp":"2026-05-29T23:28:06.956098Z","level":"warning","event":"The `airflow.decorators.task` attribute is deprecated. Please use `'airflow.sdk.task'`.","category":"UserWarning","filename":"/opt/airflow/dags/dag_ecobici_estado_estaciones.py","lineno":11,"logger":"py.warnings"}
{"timestamp":"2026-05-29T23:28:33.838493Z","level":"info","event":"Filling up the DagBag from /opt/airflow/dags/dag_ecobici_estado_estaciones.py","logger":"airflow.dag_processing.dagbag.BundleDagBag","filename":"dagbag.py","lineno":469}
{"timestamp":"2026-05-29T23:28:33.879144Z","level":"warning","event":"The `airflow.decorators.dag` attribute is deprecated. Please use `'airflow.sdk.dag'`.","category":"UserWarning","filename":"/opt/airflow/dags/dag_ecobici_estado_estaciones.py","lineno":11,"logger":"py.warnings"}
{"timestamp":"2026-05-29T23:28:33.879252Z","level":"warning","event":"The `airflow.decorators.task` attribute is deprecated. Please use `'airflow.sdk.task'`.","category":"UserWarning","filename":"/opt/airflow/dags/dag_ecobici_estado_estaciones.py","lineno":11,"logger":"py.warnings"}
{"timestamp":"2026-05-29T23:29:04.813259Z","level":"info","event":"Filling up the DagBag from /opt/airflow/dags/dag_ecobici_estado_estaciones.py","logger":"airflow.dag_processing.dagbag.BundleDagBag","filename":"dagbag.py","lineno":469}
{"timestamp":"2026-05-29T23:29:04.855435Z","level":"warning","event":"The `airflow.decorators.dag` attribute is deprecated. Please use `'airflow.sdk.dag'`.","category":"UserWarning","filename":"/opt/airflow/dags/dag_ecobici_estado_estaciones.py","lineno":11,"logger":"py.warnings"}
{"timestamp":"2026-05-29T23:29:04.855550Z","level":"warning","event":"The `airflow.decorators.task` attribute is deprecated. Please use `'airflow.sdk.task'`.","category":"UserWarning","filename":"/opt/airflow/dags/dag_ecobici_estado_estaciones.py","lineno":11,"logger":"py.warnings"}
{"timestamp":"2026-05-29T23:29:35.772744Z","level":"info","event":"Filling up the DagBag from /opt/airflow/dags/dag_ecobici_estado_estaciones.py","logger":"airflow.dag_processing.dagbag.BundleDagBag","filename":"dagbag.py","lineno":469}
{"timestamp":"2026-05-29T23:29:35.813911Z","level":"warning","event":"The `airflow.decorators.dag` attribute is deprecated. Please use `'airflow.sdk.dag'`.","category":"UserWarning","filename":"/opt/airflow/dags/dag_ecobici_estado_estaciones.py","lineno":11,"logger":"py.warnings"}
{"timestamp":"2026-05-29T23:29:35.814021Z","level":"warning","event":"The `airflow.decorators.task` attribute is deprecated. Please use `'airflow.sdk.task'`.","category":"UserWarning","filename":"/opt/airflow/dags/dag_ecobici_estado_estaciones.py","lineno":11,"logger":"py.warnings"}
{"timestamp":"2026-05-29T23:30:06.743445Z","level":"info","event":"Filling up the DagBag from /opt/airflow/dags/dag_ecobici_estado_estaciones.py","logger":"airflow.dag_processing.dagbag.BundleDagBag","filename":"dagbag.py","lineno":469}
{"timestamp":"2026-05-29T23:30:06.783270Z","level":"warning","event":"The `airflow.decorators.dag` attribute is deprecated. Please use `'airflow.sdk.dag'`.","category":"UserWarning","filename":"/opt/airflow/dags/dag_ecobici_estado_estaciones.py","lineno":11,"logger":"py.warnings"}
{"timestamp":"2026-05-29T23:30:06.783387Z","level":"warning","event":"The `airflow.decorators.task` attribute is deprecated. Please use `'airflow.sdk.task'`.","category":"UserWarning","filename":"/opt/airflow/dags/dag_ecobici_estado_estaciones.py","lineno":11,"logger":"py.warnings"}
{"timestamp":"2026-05-29T23:30:37.735894Z","level":"info","event":"Filling up the DagBag from /opt/airflow/dags/dag_ecobici_estado_estaciones.py","logger":"airflow.dag_processing.dagbag.BundleDagBag","filename":"dagbag.py","lineno":469}
{"timestamp":"2026-05-29T23:30:37.779239Z","level":"warning","event":"The `airflow.decorators.dag` attribute is deprecated. Please use `'airflow.sdk.dag'`.","category":"UserWarning","filename":"/opt/airflow/dags/dag_ecobici_estado_estaciones.py","lineno":11,"logger":"py.warnings"}
{"timestamp":"2026-05-29T23:30:37.779353Z","level":"warning","event":"The `airflow.decorators.task` attribute is deprecated. Please use `'airflow.sdk.task'`.","category":"UserWarning","filename":"/opt/airflow/dags/dag_ecobici_estado_estaciones.py","lineno":11,"logger":"py.warnings"}
{"timestamp":"2026-05-29T23:31:08.688047Z","level":"info","event":"Filling up the DagBag from /opt/airflow/dags/dag_ecobici_estado_estaciones.py","logger":"airflow.dag_processing.dagbag.BundleDagBag","filename":"dagbag.py","lineno":469}
{"timestamp":"2026-05-29T23:31:08.728013Z","level":"warning","event":"The `airflow.decorators.dag` attribute is deprecated. Please use `'airflow.sdk.dag'`.","category":"UserWarning","filename":"/opt/airflow/dags/dag_ecobici_estado_estaciones.py","lineno":11,"logger":"py.warnings"}
{"timestamp":"2026-05-29T23:31:08.728127Z","level":"warning","event":"The `airflow.decorators.task` attribute is deprecated. Please use `'airflow.sdk.task'`.","category":"UserWarning","filename":"/opt/airflow/dags/dag_ecobici_estado_estaciones.py","lineno":11,"logger":"py.warnings"}
{"timestamp":"2026-05-29T23:31:39.678350Z","level":"info","event":"Filling up the DagBag from /opt/airflow/dags/dag_ecobici_estado_estaciones.py","logger":"airflow.dag_processing.dagbag.BundleDagBag","filename":"dagbag.py","lineno":469}
{"timestamp":"2026-05-29T23:31:39.717151Z","level":"warning","event":"The `airflow.decorators.dag` attribute is deprecated. Please use `'airflow.sdk.dag'`.","category":"UserWarning","filename":"/opt/airflow/dags/dag_ecobici_estado_estaciones.py","lineno":11,"logger":"py.warnings"}
{"timestamp":"2026-05-29T23:31:39.717263Z","level":"warning","event":"The `airflow.decorators.task` attribute is deprecated. Please use `'airflow.sdk.task'`.","category":"UserWarning","filename":"/opt/airflow/dags/dag_ecobici_estado_estaciones.py","lineno":11,"logger":"py.warnings"}
{"timestamp":"2026-05-29T23:32:10.610449Z","level":"info","event":"Filling up the DagBag from /opt/airflow/dags/dag_ecobici_estado_estaciones.py","logger":"airflow.dag_processing.dagbag.BundleDagBag","filename":"dagbag.py","lineno":469}
{"timestamp":"2026-05-29T23:32:10.652859Z","level":"warning","event":"The `airflow.decorators.dag` attribute is deprecated. Please use `'airflow.sdk.dag'`.","category":"UserWarning","filename":"/opt/airflow/dags/dag_ecobici_estado_estaciones.py","lineno":11,"logger":"py.warnings"}
{"timestamp":"2026-05-29T23:32:10.652967Z","level":"warning","event":"The `airflow.decorators.task` attribute is deprecated. Please use `'airflow.sdk.task'`.","category":"UserWarning","filename":"/opt/airflow/dags/dag_ecobici_estado_estaciones.py","lineno":11,"logger":"py.warnings"}
{"timestamp":"2026-05-29T23:32:41.572891Z","level":"info","event":"Filling up the DagBag from /opt/airflow/dags/dag_ecobici_estado_estaciones.py","logger":"airflow.dag_processing.dagbag.BundleDagBag","filename":"dagbag.py","lineno":469}
{"timestamp":"2026-05-29T23:32:41.618448Z","level":"warning","event":"The `airflow.decorators.dag` attribute is deprecated. Please use `'airflow.sdk.dag'`.","category":"UserWarning","filename":"/opt/airflow/dags/dag_ecobici_estado_estaciones.py","lineno":11,"logger":"py.warnings"}
{"timestamp":"2026-05-29T23:32:41.618588Z","level":"warning","event":"The `airflow.decorators.task` attribute is deprecated. Please use `'airflow.sdk.task'`.","category":"UserWarning","filename":"/opt/airflow/dags/dag_ecobici_estado_estaciones.py","lineno":11,"logger":"py.warnings"}
{"timestamp":"2026-05-29T23:33:12.556724Z","level":"info","event":"Filling up the DagBag from /opt/airflow/dags/dag_ecobici_estado_estaciones.py","logger":"airflow.dag_processing.dagbag.BundleDagBag","filename":"dagbag.py","lineno":469}
{"timestamp":"2026-05-29T23:33:12.599099Z","level":"warning","event":"The `airflow.decorators.dag` attribute is deprecated. Please use `'airflow.sdk.dag'`.","category":"UserWarning","filename":"/opt/airflow/dags/dag_ecobici_estado_estaciones.py","lineno":11,"logger":"py.warnings"}
{"timestamp":"2026-05-29T23:33:12.599210Z","level":"warning","event":"The `airflow.decorators.task` attribute is deprecated. Please use `'airflow.sdk.task'`.","category":"UserWarning","filename":"/opt/airflow/dags/dag_ecobici_estado_estaciones.py","lineno":11,"logger":"py.warnings"}
{"timestamp":"2026-05-29T23:33:43.592753Z","level":"info","event":"Filling up the DagBag from /opt/airflow/dags/dag_ecobici_estado_estaciones.py","logger":"airflow.dag_processing.dagbag.BundleDagBag","filename":"dagbag.py","lineno":469}
{"timestamp":"2026-05-29T23:33:43.634380Z","level":"warning","event":"The `airflow.decorators.dag` attribute is deprecated. Please use `'airflow.sdk.dag'`.","category":"UserWarning","filename":"/opt/airflow/dags/dag_ecobici_estado_estaciones.py","lineno":11,"logger":"py.warnings"}
{"timestamp":"2026-05-29T23:33:43.634526Z","level":"warning","event":"The `airflow.decorators.task` attribute is deprecated. Please use `'airflow.sdk.task'`.","category":"UserWarning","filename":"/opt/airflow/dags/dag_ecobici_estado_estaciones.py","lineno":11,"logger":"py.warnings"}
{"timestamp":"2026-05-29T23:34:14.629914Z","level":"info","event":"Filling up the DagBag from /opt/airflow/dags/dag_ecobici_estado_estaciones.py","logger":"airflow.dag_processing.dagbag.BundleDagBag","filename":"dagbag.py","lineno":469}
{"timestamp":"2026-05-29T23:34:14.670669Z","level":"warning","event":"The `airflow.decorators.dag` attribute is deprecated. Please use `'airflow.sdk.dag'`.","category":"UserWarning","filename":"/opt/airflow/dags/dag_ecobici_estado_estaciones.py","lineno":11,"logger":"py.warnings"}
{"timestamp":"2026-05-29T23:34:14.670786Z","level":"warning","event":"The `airflow.decorators.task` attribute is deprecated. Please use `'airflow.sdk.task'`.","category":"UserWarning","filename":"/opt/airflow/dags/dag_ecobici_estado_estaciones.py","lineno":11,"logger":"py.warnings"}
{"timestamp":"2026-05-29T23:34:45.630487Z","level":"info","event":"Filling up the DagBag from /opt/airflow/dags/dag_ecobici_estado_estaciones.py","logger":"airflow.dag_processing.dagbag.BundleDagBag","filename":"dagbag.py","lineno":469}
{"timestamp":"2026-05-29T23:34:45.671482Z","level":"warning","event":"The `airflow.decorators.dag` attribute is deprecated. Please use `'airflow.sdk.dag'`.","category":"UserWarning","filename":"/opt/airflow/dags/dag_ecobici_estado_estaciones.py","lineno":11,"logger":"py.warnings"}
{"timestamp":"2026-05-29T23:34:45.671600Z","level":"warning","event":"The `airflow.decorators.task` attribute is deprecated. Please use `'airflow.sdk.task'`.","category":"UserWarning","filename":"/opt/airflow/dags/dag_ecobici_estado_estaciones.py","lineno":11,"logger":"py.warnings"}
{"timestamp":"2026-05-29T23:35:16.634546Z","level":"info","event":"Filling up the DagBag from /opt/airflow/dags/dag_ecobici_estado_estaciones.py","logger":"airflow.dag_processing.dagbag.BundleDagBag","filename":"dagbag.py","lineno":469}
{"timestamp":"2026-05-29T23:35:16.678099Z","level":"warning","event":"The `airflow.decorators.dag` attribute is deprecated. Please use `'airflow.sdk.dag'`.","category":"UserWarning","filename":"/opt/airflow/dags/dag_ecobici_estado_estaciones.py","lineno":11,"logger":"py.warnings"}
{"timestamp":"2026-05-29T23:35:16.678217Z","level":"warning","event":"The `airflow.decorators.task` attribute is deprecated. Please use `'airflow.sdk.task'`.","category":"UserWarning","filename":"/opt/airflow/dags/dag_ecobici_estado_estaciones.py","lineno":11,"logger":"py.warnings"}
{"timestamp":"2026-05-29T23:35:47.616943Z","level":"info","event":"Filling up the DagBag from /opt/airflow/dags/dag_ecobici_estado_estaciones.py","logger":"airflow.dag_processing.dagbag.BundleDagBag","filename":"dagbag.py","lineno":469}
{"timestamp":"2026-05-29T23:35:47.657620Z","level":"warning","event":"The `airflow.decorators.dag` attribute is deprecated. Please use `'airflow.sdk.dag'`.","category":"UserWarning","filename":"/opt/airflow/dags/dag_ecobici_estado_estaciones.py","lineno":11,"logger":"py.warnings"}
{"timestamp":"2026-05-29T23:35:47.657745Z","level":"warning","event":"The `airflow.decorators.task` attribute is deprecated. Please use `'airflow.sdk.task'`.","category":"UserWarning","filename":"/opt/airflow/dags/dag_ecobici_estado_estaciones.py","lineno":11,"logger":"py.warnings"}
{"timestamp":"2026-05-29T23:36:18.641871Z","level":"info","event":"Filling up the DagBag from /opt/airflow/dags/dag_ecobici_estado_estaciones.py","logger":"airflow.dag_processing.dagbag.BundleDagBag","filename":"dagbag.py","lineno":469}
{"timestamp":"2026-05-29T23:36:18.683117Z","level":"warning","event":"The `airflow.decorators.dag` attribute is deprecated. Please use `'airflow.sdk.dag'`.","category":"UserWarning","filename":"/opt/airflow/dags/dag_ecobici_estado_estaciones.py","lineno":11,"logger":"py.warnings"}
{"timestamp":"2026-05-29T23:36:18.683224Z","level":"warning","event":"The `airflow.decorators.task` attribute is deprecated. Please use `'airflow.sdk.task'`.","category":"UserWarning","filename":"/opt/airflow/dags/dag_ecobici_estado_estaciones.py","lineno":11,"logger":"py.warnings"}
{"timestamp":"2026-05-29T23:36:49.649390Z","level":"info","event":"Filling up the DagBag from /opt/airflow/dags/dag_ecobici_estado_estaciones.py","logger":"airflow.dag_processing.dagbag.BundleDagBag","filename":"dagbag.py","lineno":469}
{"timestamp":"2026-05-29T23:36:49.688620Z","level":"warning","event":"The `airflow.decorators.dag` attribute is deprecated. Please use `'airflow.sdk.dag'`.","category":"UserWarning","filename":"/opt/airflow/dags/dag_ecobici_estado_estaciones.py","lineno":11,"logger":"py.warnings"}
{"timestamp":"2026-05-29T23:36:49.688729Z","level":"warning","event":"The `airflow.decorators.task` attribute is deprecated. Please use `'airflow.sdk.task'`.","category":"UserWarning","filename":"/opt/airflow/dags/dag_ecobici_estado_estaciones.py","lineno":11,"logger":"py.warnings"}
{"timestamp":"2026-05-29T23:37:20.590036Z","level":"info","event":"Filling up the DagBag from /opt/airflow/dags/dag_ecobici_estado_estaciones.py","logger":"airflow.dag_processing.dagbag.BundleDagBag","filename":"dagbag.py","lineno":469}
{"timestamp":"2026-05-29T23:37:20.629298Z","level":"warning","event":"The `airflow.decorators.dag` attribute is deprecated. Please use `'airflow.sdk.dag'`.","category":"UserWarning","filename":"/opt/airflow/dags/dag_ecobici_estado_estaciones.py","lineno":11,"logger":"py.warnings"}
{"timestamp":"2026-05-29T23:37:20.629405Z","level":"warning","event":"The `airflow.decorators.task` attribute is deprecated. Please use `'airflow.sdk.task'`.","category":"UserWarning","filename":"/opt/airflow/dags/dag_ecobici_estado_estaciones.py","lineno":11,"logger":"py.warnings"}
{"timestamp":"2026-05-29T23:37:51.578436Z","level":"info","event":"Filling up the DagBag from /opt/airflow/dags/dag_ecobici_estado_estaciones.py","logger":"airflow.dag_processing.dagbag.BundleDagBag","filename":"dagbag.py","lineno":469}
{"timestamp":"2026-05-29T23:37:51.617441Z","level":"warning","event":"The `airflow.decorators.dag` attribute is deprecated. Please use `'airflow.sdk.dag'`.","category":"UserWarning","filename":"/opt/airflow/dags/dag_ecobici_estado_estaciones.py","lineno":11,"logger":"py.warnings"}
{"timestamp":"2026-05-29T23:37:51.617552Z","level":"warning","event":"The `airflow.decorators.task` attribute is deprecated. Please use `'airflow.sdk.task'`.","category":"UserWarning","filename":"/opt/airflow/dags/dag_ecobici_estado_estaciones.py","lineno":11,"logger":"py.warnings"}
{"timestamp":"2026-05-29T23:38:22.517867Z","level":"info","event":"Filling up the DagBag from /opt/airflow/dags/dag_ecobici_estado_estaciones.py","logger":"airflow.dag_processing.dagbag.BundleDagBag","filename":"dagbag.py","lineno":469}
{"timestamp":"2026-05-29T23:38:22.556339Z","level":"warning","event":"The `airflow.decorators.dag` attribute is deprecated. Please use `'airflow.sdk.dag'`.","category":"UserWarning","filename":"/opt/airflow/dags/dag_ecobici_estado_estaciones.py","lineno":11,"logger":"py.warnings"}
{"timestamp":"2026-05-29T23:38:22.556485Z","level":"warning","event":"The `airflow.decorators.task` attribute is deprecated. Please use `'airflow.sdk.task'`.","category":"UserWarning","filename":"/opt/airflow/dags/dag_ecobici_estado_estaciones.py","lineno":11,"logger":"py.warnings"}
{"timestamp":"2026-05-29T23:38:53.480818Z","level":"info","event":"Filling up the DagBag from /opt/airflow/dags/dag_ecobici_estado_estaciones.py","logger":"airflow.dag_processing.dagbag.BundleDagBag","filename":"dagbag.py","lineno":469}
{"timestamp":"2026-05-29T23:38:53.522402Z","level":"warning","event":"The `airflow.decorators.dag` attribute is deprecated. Please use `'airflow.sdk.dag'`.","category":"UserWarning","filename":"/opt/airflow/dags/dag_ecobici_estado_estaciones.py","lineno":11,"logger":"py.warnings"}
{"timestamp":"2026-05-29T23:38:53.522583Z","level":"warning","event":"The `airflow.decorators.task` attribute is deprecated. Please use `'airflow.sdk.task'`.","category":"UserWarning","filename":"/opt/airflow/dags/dag_ecobici_estado_estaciones.py","lineno":11,"logger":"py.warnings"}
{"timestamp":"2026-05-29T23:39:24.434603Z","level":"info","event":"Filling up the DagBag from /opt/airflow/dags/dag_ecobici_estado_estaciones.py","logger":"airflow.dag_processing.dagbag.BundleDagBag","filename":"dagbag.py","lineno":469}
{"timestamp":"2026-05-29T23:39:24.474809Z","level":"warning","event":"The `airflow.decorators.dag` attribute is deprecated. Please use `'airflow.sdk.dag'`.","category":"UserWarning","filename":"/opt/airflow/dags/dag_ecobici_estado_estaciones.py","lineno":11,"logger":"py.warnings"}
{"timestamp":"2026-05-29T23:39:24.474926Z","level":"warning","event":"The `airflow.decorators.task` attribute is deprecated. Please use `'airflow.sdk.task'`.","category":"UserWarning","filename":"/opt/airflow/dags/dag_ecobici_estado_estaciones.py","lineno":11,"logger":"py.warnings"}
{"timestamp":"2026-05-29T23:39:55.374127Z","level":"info","event":"Filling up the DagBag from /opt/airflow/dags/dag_ecobici_estado_estaciones.py","logger":"airflow.dag_processing.dagbag.BundleDagBag","filename":"dagbag.py","lineno":469}
{"timestamp":"2026-05-29T23:39:55.412886Z","level":"warning","event":"The `airflow.decorators.dag` attribute is deprecated. Please use `'airflow.sdk.dag'`.","category":"UserWarning","filename":"/opt/airflow/dags/dag_ecobici_estado_estaciones.py","lineno":11,"logger":"py.warnings"}
{"timestamp":"2026-05-29T23:39:55.412987Z","level":"warning","event":"The `airflow.decorators.task` attribute is deprecated. Please use `'airflow.sdk.task'`.","category":"UserWarning","filename":"/opt/airflow/dags/dag_ecobici_estado_estaciones.py","lineno":11,"logger":"py.warnings"}
{"timestamp":"2026-05-29T23:40:26.338020Z","level":"info","event":"Filling up the DagBag from /opt/airflow/dags/dag_ecobici_estado_estaciones.py","logger":"airflow.dag_processing.dagbag.BundleDagBag","filename":"dagbag.py","lineno":469}
{"timestamp":"2026-05-29T23:40:26.378168Z","level":"warning","event":"The `airflow.decorators.dag` attribute is deprecated. Please use `'airflow.sdk.dag'`.","category":"UserWarning","filename":"/opt/airflow/dags/dag_ecobici_estado_estaciones.py","lineno":11,"logger":"py.warnings"}
{"timestamp":"2026-05-29T23:40:26.378276Z","level":"warning","event":"The `airflow.decorators.task` attribute is deprecated. Please use `'airflow.sdk.task'`.","category":"UserWarning","filename":"/opt/airflow/dags/dag_ecobici_estado_estaciones.py","lineno":11,"logger":"py.warnings"}
{"timestamp":"2026-05-29T23:40:57.258553Z","level":"info","event":"Filling up the DagBag from /opt/airflow/dags/dag_ecobici_estado_estaciones.py","logger":"airflow.dag_processing.dagbag.BundleDagBag","filename":"dagbag.py","lineno":469}
{"timestamp":"2026-05-29T23:40:57.296376Z","level":"warning","event":"The `airflow.decorators.dag` attribute is deprecated. Please use `'airflow.sdk.dag'`.","category":"UserWarning","filename":"/opt/airflow/dags/dag_ecobici_estado_estaciones.py","lineno":11,"logger":"py.warnings"}
{"timestamp":"2026-05-29T23:40:57.296476Z","level":"warning","event":"The `airflow.decorators.task` attribute is deprecated. Please use `'airflow.sdk.task'`.","category":"UserWarning","filename":"/opt/airflow/dags/dag_ecobici_estado_estaciones.py","lineno":11,"logger":"py.warnings"}
{"timestamp":"2026-05-29T23:41:28.172257Z","level":"info","event":"Filling up the DagBag from /opt/airflow/dags/dag_ecobici_estado_estaciones.py","logger":"airflow.dag_processing.dagbag.BundleDagBag","filename":"dagbag.py","lineno":469}
{"timestamp":"2026-05-29T23:41:28.211293Z","level":"warning","event":"The `airflow.decorators.dag` attribute is deprecated. Please use `'airflow.sdk.dag'`.","category":"UserWarning","filename":"/opt/airflow/dags/dag_ecobici_estado_estaciones.py","lineno":11,"logger":"py.warnings"}
{"timestamp":"2026-05-29T23:41:28.211399Z","level":"warning","event":"The `airflow.decorators.task` attribute is deprecated. Please use `'airflow.sdk.task'`.","category":"UserWarning","filename":"/opt/airflow/dags/dag_ecobici_estado_estaciones.py","lineno":11,"logger":"py.warnings"}
{"timestamp":"2026-05-29T23:41:59.096294Z","level":"info","event":"Filling up the DagBag from /opt/airflow/dags/dag_ecobici_estado_estaciones.py","logger":"airflow.dag_processing.dagbag.BundleDagBag","filename":"dagbag.py","lineno":469}
{"timestamp":"2026-05-29T23:41:59.135857Z","level":"warning","event":"The `airflow.decorators.dag` attribute is deprecated. Please use `'airflow.sdk.dag'`.","category":"UserWarning","filename":"/opt/airflow/dags/dag_ecobici_estado_estaciones.py","lineno":11,"logger":"py.warnings"}
{"timestamp":"2026-05-29T23:41:59.135964Z","level":"warning","event":"The `airflow.decorators.task` attribute is deprecated. Please use `'airflow.sdk.task'`.","category":"UserWarning","filename":"/opt/airflow/dags/dag_ecobici_estado_estaciones.py","lineno":11,"logger":"py.warnings"}
