{"timestamp":"2026-05-27T18:13:24.054268Z","level":"info","event":"DAG bundles loaded: dags-folder","logger":"airflow.dag_processing.bundles.manager.DagBundlesManager","filename":"manager.py","lineno":209}
{"timestamp":"2026-05-27T18:13:24.055009Z","level":"info","event":"Filling up the DagBag from /opt/airflow/dags/dag_etl_test.py","logger":"airflow.dag_processing.dagbag.BundleDagBag","filename":"dagbag.py","lineno":469}
{"timestamp":"2026-05-27T18:13:24.372996Z","level":"warning","event":"The `airflow.operators.empty.EmptyOperator` attribute is deprecated. Please use `'airflow.providers.standard.operators.empty.EmptyOperator'`.","category":"UserWarning","filename":"/opt/airflow/dags/dag_etl_test.py","lineno":6,"logger":"py.warnings"}
{"timestamp":"2026-05-27T18:13:24.373105Z","level":"warning","event":"The `airflow.decorators.task` attribute is deprecated. Please use `'airflow.sdk.task'`.","category":"UserWarning","filename":"/opt/airflow/dags/dag_etl_test.py","lineno":7,"logger":"py.warnings"}
{"timestamp":"2026-05-27T18:13:24.400044Z","level":"info","event":"AWS Connection (conn_id='***_storage', conn_type='aws') credentials retrieved from login and password.","logger":"airflow.providers.amazon.aws.utils.connection_wrapper.AwsConnectionWrapper","filename":"connection_wrapper.py","lineno":331}
{"timestamp":"2026-05-27T18:13:24.407830Z","level":"warning","event":"ProvidersManager.hooks is deprecated. Use ProvidersManagerTaskRuntime.hooks from task-sdk instead.","category":"DeprecatedImportWarning","filename":"/home/airflow/.local/lib/python3.13/site-packages/airflow/providers/amazon/aws/hooks/base_aws.py","lineno":520,"logger":"py.warnings"}
{"timestamp":"2026-05-27T18:13:24.710937Z","level":"info","event":"Archivos en el bucket: ['data/data_muestra.csv', 'data/data_prueba_tecnica.csv']","logger":"task.stdout"}
{"timestamp":"2026-05-27T18:13:24.827808Z","level":"info","event":"Archivo procesado exitosamente. Filas: 50, Columnas: 7","logger":"task.stdout"}
{"timestamp":"2026-05-27T18:13:24.827948Z","level":"info","event":"Diagnóstico rápido","logger":"task.stdout"}
{"timestamp":"2026-05-27T18:13:24.831407Z","level":"info","event":"<class 'pandas.core.frame.DataFrame'>","logger":"task.stdout"}
{"timestamp":"2026-05-27T18:13:24.831533Z","level":"info","event":"RangeIndex: 50 entries, 0 to 49","logger":"task.stdout"}
{"timestamp":"2026-05-27T18:13:24.831596Z","level":"info","event":"Data columns (total 7 columns):","logger":"task.stdout"}
{"timestamp":"2026-05-27T18:13:24.831660Z","level":"info","event":" #   Column      Non-Null Count  Dtype","logger":"task.stdout"}
{"timestamp":"2026-05-27T18:13:24.831717Z","level":"info","event":"---  ------      --------------  -----","logger":"task.stdout"}
{"timestamp":"2026-05-27T18:13:24.831768Z","level":"info","event":" 0   id          50 non-null     object","logger":"task.stdout"}
{"timestamp":"2026-05-27T18:13:24.831816Z","level":"info","event":" 1   name        50 non-null     object","logger":"task.stdout"}
{"timestamp":"2026-05-27T18:13:24.831864Z","level":"info","event":" 2   company_id  50 non-null     object","logger":"task.stdout"}
{"timestamp":"2026-05-27T18:13:24.831910Z","level":"info","event":" 3   amount      50 non-null     float64","logger":"task.stdout"}
{"timestamp":"2026-05-27T18:13:24.831956Z","level":"info","event":" 4   status      50 non-null     object","logger":"task.stdout"}
{"timestamp":"2026-05-27T18:13:24.832000Z","level":"info","event":" 5   created_at  50 non-null     object","logger":"task.stdout"}
{"timestamp":"2026-05-27T18:13:24.832044Z","level":"info","event":" 6   paid_at     24 non-null     object","logger":"task.stdout"}
{"timestamp":"2026-05-27T18:13:24.832087Z","level":"info","event":"dtypes: float64(1), object(6)","logger":"task.stdout"}
{"timestamp":"2026-05-27T18:13:24.832131Z","level":"info","event":"memory usage: 2.9+ KB","logger":"task.stdout"}
{"timestamp":"2026-05-27T18:13:24.832175Z","level":"info","event":"Tipos de datos y conteo de no-nulos: None","logger":"task.stdout"}
{"timestamp":"2026-05-27T18:13:24.832285Z","level":"info","event":"Cantidad de valores faltantes por columna: id             0","logger":"task.stdout"}
{"timestamp":"2026-05-27T18:13:24.832356Z","level":"info","event":"name           0","logger":"task.stdout"}
{"timestamp":"2026-05-27T18:13:24.832398Z","level":"info","event":"company_id     0","logger":"task.stdout"}
{"timestamp":"2026-05-27T18:13:24.832436Z","level":"info","event":"amount         0","logger":"task.stdout"}
{"timestamp":"2026-05-27T18:13:24.832480Z","level":"info","event":"status         0","logger":"task.stdout"}
{"timestamp":"2026-05-27T18:13:24.832516Z","level":"info","event":"created_at     0","logger":"task.stdout"}
{"timestamp":"2026-05-27T18:13:24.832552Z","level":"info","event":"paid_at       26","logger":"task.stdout"}
{"timestamp":"2026-05-27T18:13:24.832586Z","level":"info","event":"dtype: int64","logger":"task.stdout"}
{"timestamp":"2026-05-27T18:13:24.835868Z","level":"info","event":"Estadísticas básicas para detectar outliers numéricos:            amount","logger":"task.stdout"}
{"timestamp":"2026-05-27T18:13:24.835997Z","level":"info","event":"count   50.000000","logger":"task.stdout"}
{"timestamp":"2026-05-27T18:13:24.836123Z","level":"info","event":"mean    87.081000","logger":"task.stdout"}
{"timestamp":"2026-05-27T18:13:24.836218Z","level":"info","event":"std     83.186153","logger":"task.stdout"}
{"timestamp":"2026-05-27T18:13:24.836282Z","level":"info","event":"min      3.000000","logger":"task.stdout"}
{"timestamp":"2026-05-27T18:13:24.836339Z","level":"info","event":"25%     24.560000","logger":"task.stdout"}
{"timestamp":"2026-05-27T18:13:24.836396Z","level":"info","event":"50%     61.630000","logger":"task.stdout"}
{"timestamp":"2026-05-27T18:13:24.836459Z","level":"info","event":"75%    129.280000","logger":"task.stdout"}
{"timestamp":"2026-05-27T18:13:24.836526Z","level":"info","event":"max    364.460000","logger":"task.stdout"}
{"timestamp":"2026-05-27T18:13:24.836568Z","level":"info","event":"Done. Returned value was: None","logger":"airflow.task.operators.airflow.providers.standard.decorators.python._PythonDecoratedOperator","filename":"python.py","lineno":229}
