{"timestamp":"2026-05-27T19:58:32.968951Z","level":"info","event":"DAG bundles loaded: dags-folder","logger":"airflow.dag_processing.bundles.manager.DagBundlesManager","filename":"manager.py","lineno":209}
{"timestamp":"2026-05-27T19:58:32.969510Z","level":"info","event":"Filling up the DagBag from /opt/airflow/dags/dag_etl_test.py","logger":"airflow.dag_processing.dagbag.BundleDagBag","filename":"dagbag.py","lineno":469}
{"timestamp":"2026-05-27T19:58:33.275763Z","level":"warning","event":"The `airflow.operators.empty.EmptyOperator` attribute is deprecated. Please use `'airflow.providers.standard.operators.empty.EmptyOperator'`.","category":"UserWarning","filename":"/opt/airflow/dags/dag_etl_test.py","lineno":7,"logger":"py.warnings"}
{"timestamp":"2026-05-27T19:58:33.275870Z","level":"warning","event":"The `airflow.decorators.task` attribute is deprecated. Please use `'airflow.sdk.task'`.","category":"UserWarning","filename":"/opt/airflow/dags/dag_etl_test.py","lineno":8,"logger":"py.warnings"}
{"timestamp":"2026-05-27T19:58:33.319489Z","level":"info","event":"AWS Connection (conn_id='***_storage', conn_type='aws') credentials retrieved from login and password.","logger":"airflow.providers.amazon.aws.utils.connection_wrapper.AwsConnectionWrapper","filename":"connection_wrapper.py","lineno":331}
{"timestamp":"2026-05-27T19:58:33.327369Z","level":"warning","event":"ProvidersManager.hooks is deprecated. Use ProvidersManagerTaskRuntime.hooks from task-sdk instead.","category":"DeprecatedImportWarning","filename":"/home/airflow/.local/lib/python3.13/site-packages/airflow/providers/amazon/aws/hooks/base_aws.py","lineno":520,"logger":"py.warnings"}
{"timestamp":"2026-05-27T19:58:33.638779Z","level":"info","event":"Archivos en el bucket: ['data/data_muestra.csv', 'data/data_prueba_tecnica.csv']","logger":"task.stdout"}
{"timestamp":"2026-05-27T19:58:33.775654Z","level":"info","event":"Archivo procesado exitosamente. Filas: 1001, Columnas: 7","logger":"task.stdout"}
{"timestamp":"2026-05-27T19:58:33.775799Z","level":"info","event":"Diagnóstico rápido","logger":"task.stdout"}
{"timestamp":"2026-05-27T19:58:33.779731Z","level":"info","event":"<class 'pandas.core.frame.DataFrame'>","logger":"task.stdout"}
{"timestamp":"2026-05-27T19:58:33.779826Z","level":"info","event":"RangeIndex: 1001 entries, 0 to 1000","logger":"task.stdout"}
{"timestamp":"2026-05-27T19:58:33.779921Z","level":"info","event":"Data columns (total 7 columns):","logger":"task.stdout"}
{"timestamp":"2026-05-27T19:58:33.779997Z","level":"info","event":" #   Column      Non-Null Count  Dtype","logger":"task.stdout"}
{"timestamp":"2026-05-27T19:58:33.780086Z","level":"info","event":"---  ------      --------------  -----","logger":"task.stdout"}
{"timestamp":"2026-05-27T19:58:33.780142Z","level":"info","event":" 0   id          1000 non-null   object","logger":"task.stdout"}
{"timestamp":"2026-05-27T19:58:33.780208Z","level":"info","event":" 1   name        1000 non-null   object","logger":"task.stdout"}
{"timestamp":"2026-05-27T19:58:33.780267Z","level":"info","event":" 2   company_id  1000 non-null   object","logger":"task.stdout"}
{"timestamp":"2026-05-27T19:58:33.780324Z","level":"info","event":" 3   amount      1001 non-null   float64","logger":"task.stdout"}
{"timestamp":"2026-05-27T19:58:33.780371Z","level":"info","event":" 4   status      1001 non-null   object","logger":"task.stdout"}
{"timestamp":"2026-05-27T19:58:33.780417Z","level":"info","event":" 5   created_at  1001 non-null   object","logger":"task.stdout"}
{"timestamp":"2026-05-27T19:58:33.780476Z","level":"info","event":" 6   paid_at     573 non-null    object","logger":"task.stdout"}
{"timestamp":"2026-05-27T19:58:33.780529Z","level":"info","event":"dtypes: float64(1), object(6)","logger":"task.stdout"}
{"timestamp":"2026-05-27T19:58:33.780575Z","level":"info","event":"memory usage: 54.9+ KB","logger":"task.stdout"}
{"timestamp":"2026-05-27T19:58:33.780622Z","level":"info","event":"Tipos de datos y conteo de no-nulos: None","logger":"task.stdout"}
{"timestamp":"2026-05-27T19:58:33.780714Z","level":"info","event":"Cantidad de valores faltantes por columna: id              1","logger":"task.stdout"}
{"timestamp":"2026-05-27T19:58:33.780772Z","level":"info","event":"name            1","logger":"task.stdout"}
{"timestamp":"2026-05-27T19:58:33.780820Z","level":"info","event":"company_id      1","logger":"task.stdout"}
{"timestamp":"2026-05-27T19:58:33.780859Z","level":"info","event":"amount          0","logger":"task.stdout"}
{"timestamp":"2026-05-27T19:58:33.780915Z","level":"info","event":"status          0","logger":"task.stdout"}
{"timestamp":"2026-05-27T19:58:33.780952Z","level":"info","event":"created_at      0","logger":"task.stdout"}
{"timestamp":"2026-05-27T19:58:33.780997Z","level":"info","event":"paid_at       428","logger":"task.stdout"}
{"timestamp":"2026-05-27T19:58:33.781036Z","level":"info","event":"dtype: int64","logger":"task.stdout"}
{"timestamp":"2026-05-27T19:58:33.786294Z","level":"info","event":"Estadísticas básicas para detectar outliers numéricos:              amount","logger":"task.stdout"}
{"timestamp":"2026-05-27T19:58:33.786411Z","level":"info","event":"count   1001.000000","logger":"task.stdout"}
{"timestamp":"2026-05-27T19:58:33.786478Z","level":"info","event":"mean     302.409560","logger":"task.stdout"}
{"timestamp":"2026-05-27T19:58:33.786541Z","level":"info","event":"std     3022.451109","logger":"task.stdout"}
{"timestamp":"2026-05-27T19:58:33.786589Z","level":"info","event":"min        3.000000","logger":"task.stdout"}
{"timestamp":"2026-05-27T19:58:33.786637Z","level":"info","event":"25%       28.010000","logger":"task.stdout"}
{"timestamp":"2026-05-27T19:58:33.786683Z","level":"info","event":"50%       58.740000","logger":"task.stdout"}
{"timestamp":"2026-05-27T19:58:33.786728Z","level":"info","event":"75%      109.400000","logger":"task.stdout"}
{"timestamp":"2026-05-27T19:58:33.786773Z","level":"info","event":"max    83983.000000","logger":"task.stdout"}
{"timestamp":"2026-05-27T19:58:33.792099Z","level":"info","event":"<class 'pandas.core.frame.DataFrame'>","logger":"task.stdout"}
{"timestamp":"2026-05-27T19:58:33.792170Z","level":"info","event":"RangeIndex: 1001 entries, 0 to 1000","logger":"task.stdout"}
{"timestamp":"2026-05-27T19:58:33.792222Z","level":"info","event":"Data columns (total 7 columns):","logger":"task.stdout"}
{"timestamp":"2026-05-27T19:58:33.792271Z","level":"info","event":" #   Column      Non-Null Count  Dtype","logger":"task.stdout"}
{"timestamp":"2026-05-27T19:58:33.792319Z","level":"info","event":"---  ------      --------------  -----","logger":"task.stdout"}
{"timestamp":"2026-05-27T19:58:33.792365Z","level":"info","event":" 0   id          1000 non-null   object","logger":"task.stdout"}
{"timestamp":"2026-05-27T19:58:33.792411Z","level":"info","event":" 1   name        1000 non-null   object","logger":"task.stdout"}
{"timestamp":"2026-05-27T19:58:33.792462Z","level":"info","event":" 2   company_id  1000 non-null   object","logger":"task.stdout"}
{"timestamp":"2026-05-27T19:58:33.792514Z","level":"info","event":" 3   amount      1001 non-null   float64","logger":"task.stdout"}
{"timestamp":"2026-05-27T19:58:33.792559Z","level":"info","event":" 4   status      1001 non-null   object","logger":"task.stdout"}
{"timestamp":"2026-05-27T19:58:33.792669Z","level":"info","event":" 5   created_at  998 non-null    datetime64[ns]","logger":"task.stdout"}
{"timestamp":"2026-05-27T19:58:33.792714Z","level":"info","event":" 6   paid_at     573 non-null    datetime64[ns]","logger":"task.stdout"}
{"timestamp":"2026-05-27T19:58:33.792751Z","level":"info","event":"dtypes: datetime64[ns](2), float64(1), object(4)","logger":"task.stdout"}
{"timestamp":"2026-05-27T19:58:33.792788Z","level":"info","event":"memory usage: 54.9+ KB","logger":"task.stdout"}
{"timestamp":"2026-05-27T19:58:33.792825Z","level":"info","event":"DATAFRAME INFO: None","logger":"task.stdout"}
{"timestamp":"2026-05-27T19:58:36.699211Z","level":"info","event":"AWS Connection (conn_id='***_storage', conn_type='aws') credentials retrieved from login and password.","logger":"airflow.providers.amazon.aws.utils.connection_wrapper.AwsConnectionWrapper","filename":"connection_wrapper.py","lineno":331}
{"timestamp":"2026-05-27T19:58:37.112106Z","level":"info","event":"Archivo guardado en: s3://***_storage@bck-bronze/master/data_prueba_tecnica.parquet","logger":"task.stdout"}
{"timestamp":"2026-05-27T19:58:37.112993Z","level":"info","event":"Done. Returned value was: None","logger":"airflow.task.operators.airflow.providers.standard.decorators.python._PythonDecoratedOperator","filename":"python.py","lineno":229}
