{"timestamp":"2026-05-27T23:30:08.515583Z","level":"info","event":"DAG bundles loaded: dags-folder","logger":"airflow.dag_processing.bundles.manager.DagBundlesManager","filename":"manager.py","lineno":209}
{"timestamp":"2026-05-27T23:30:08.516183Z","level":"info","event":"Filling up the DagBag from /opt/airflow/dags/dag_etl_test.py","logger":"airflow.dag_processing.dagbag.BundleDagBag","filename":"dagbag.py","lineno":469}
{"timestamp":"2026-05-27T23:30:08.838342Z","level":"warning","event":"The `airflow.operators.empty.EmptyOperator` attribute is deprecated. Please use `'airflow.providers.standard.operators.empty.EmptyOperator'`.","category":"UserWarning","filename":"/opt/airflow/dags/dag_etl_test.py","lineno":7,"logger":"py.warnings"}
{"timestamp":"2026-05-27T23:30:08.838549Z","level":"warning","event":"The `airflow.decorators.task` attribute is deprecated. Please use `'airflow.sdk.task'`.","category":"UserWarning","filename":"/opt/airflow/dags/dag_etl_test.py","lineno":8,"logger":"py.warnings"}
{"timestamp":"2026-05-27T23:30:08.866794Z","level":"info","event":"AWS Connection (conn_id='***_storage', conn_type='aws') credentials retrieved from login and password.","logger":"airflow.providers.amazon.aws.utils.connection_wrapper.AwsConnectionWrapper","filename":"connection_wrapper.py","lineno":331}
{"timestamp":"2026-05-27T23:30:08.874426Z","level":"warning","event":"ProvidersManager.hooks is deprecated. Use ProvidersManagerTaskRuntime.hooks from task-sdk instead.","category":"DeprecatedImportWarning","filename":"/home/airflow/.local/lib/python3.13/site-packages/airflow/providers/amazon/aws/hooks/base_aws.py","lineno":520,"logger":"py.warnings"}
{"timestamp":"2026-05-27T23:30:09.286566Z","level":"info","event":"Archivos en el bucket: ['data/data_muestra.csv', 'data/data_prueba_tecnica.csv']","logger":"task.stdout"}
{"timestamp":"2026-05-27T23:30:09.403030Z","level":"info","event":"Archivo procesado exitosamente. Filas: 1001, Columnas: 7","logger":"task.stdout"}
{"timestamp":"2026-05-27T23:30:09.403176Z","level":"info","event":"Diagnóstico rápido","logger":"task.stdout"}
{"timestamp":"2026-05-27T23:30:09.416672Z","level":"info","event":"<class 'pandas.core.frame.DataFrame'>","logger":"task.stdout"}
{"timestamp":"2026-05-27T23:30:09.416786Z","level":"info","event":"RangeIndex: 1001 entries, 0 to 1000","logger":"task.stdout"}
{"timestamp":"2026-05-27T23:30:09.416847Z","level":"info","event":"Data columns (total 7 columns):","logger":"task.stdout"}
{"timestamp":"2026-05-27T23:30:09.416922Z","level":"info","event":" #   Column      Non-Null Count  Dtype","logger":"task.stdout"}
{"timestamp":"2026-05-27T23:30:09.417020Z","level":"info","event":"---  ------      --------------  -----","logger":"task.stdout"}
{"timestamp":"2026-05-27T23:30:09.417118Z","level":"info","event":" 0   id          1000 non-null   object","logger":"task.stdout"}
{"timestamp":"2026-05-27T23:30:09.417218Z","level":"info","event":" 1   name        1000 non-null   object","logger":"task.stdout"}
{"timestamp":"2026-05-27T23:30:09.417315Z","level":"info","event":" 2   company_id  1000 non-null   object","logger":"task.stdout"}
{"timestamp":"2026-05-27T23:30:09.417407Z","level":"info","event":" 3   amount      1001 non-null   float64","logger":"task.stdout"}
{"timestamp":"2026-05-27T23:30:09.417490Z","level":"info","event":" 4   status      1001 non-null   object","logger":"task.stdout"}
{"timestamp":"2026-05-27T23:30:09.417558Z","level":"info","event":" 5   created_at  1001 non-null   object","logger":"task.stdout"}
{"timestamp":"2026-05-27T23:30:09.417627Z","level":"info","event":" 6   paid_at     573 non-null    object","logger":"task.stdout"}
{"timestamp":"2026-05-27T23:30:09.417711Z","level":"info","event":"dtypes: float64(1), object(6)","logger":"task.stdout"}
{"timestamp":"2026-05-27T23:30:09.417798Z","level":"info","event":"memory usage: 54.9+ KB","logger":"task.stdout"}
{"timestamp":"2026-05-27T23:30:09.417870Z","level":"info","event":"Tipos de datos y conteo de no-nulos: None","logger":"task.stdout"}
{"timestamp":"2026-05-27T23:30:09.417969Z","level":"info","event":"Cantidad de valores faltantes por columna: id              1","logger":"task.stdout"}
{"timestamp":"2026-05-27T23:30:09.418027Z","level":"info","event":"name            1","logger":"task.stdout"}
{"timestamp":"2026-05-27T23:30:09.418071Z","level":"info","event":"company_id      1","logger":"task.stdout"}
{"timestamp":"2026-05-27T23:30:09.418126Z","level":"info","event":"amount          0","logger":"task.stdout"}
{"timestamp":"2026-05-27T23:30:09.418165Z","level":"info","event":"status          0","logger":"task.stdout"}
{"timestamp":"2026-05-27T23:30:09.418204Z","level":"info","event":"created_at      0","logger":"task.stdout"}
{"timestamp":"2026-05-27T23:30:09.418254Z","level":"info","event":"paid_at       428","logger":"task.stdout"}
{"timestamp":"2026-05-27T23:30:09.418292Z","level":"info","event":"dtype: int64","logger":"task.stdout"}
{"timestamp":"2026-05-27T23:30:09.429599Z","level":"info","event":"Estadísticas básicas para detectar outliers numéricos:              amount","logger":"task.stdout"}
{"timestamp":"2026-05-27T23:30:09.429744Z","level":"info","event":"count   1001.000000","logger":"task.stdout"}
{"timestamp":"2026-05-27T23:30:09.429804Z","level":"info","event":"mean     302.409560","logger":"task.stdout"}
{"timestamp":"2026-05-27T23:30:09.429859Z","level":"info","event":"std     3022.451109","logger":"task.stdout"}
{"timestamp":"2026-05-27T23:30:09.429909Z","level":"info","event":"min        3.000000","logger":"task.stdout"}
{"timestamp":"2026-05-27T23:30:09.429958Z","level":"info","event":"25%       28.010000","logger":"task.stdout"}
{"timestamp":"2026-05-27T23:30:09.430005Z","level":"info","event":"50%       58.740000","logger":"task.stdout"}
{"timestamp":"2026-05-27T23:30:09.430052Z","level":"info","event":"75%      109.400000","logger":"task.stdout"}
{"timestamp":"2026-05-27T23:30:09.430096Z","level":"info","event":"max    83983.000000","logger":"task.stdout"}
{"timestamp":"2026-05-27T23:30:09.439792Z","level":"info","event":"<class 'pandas.core.frame.DataFrame'>","logger":"task.stdout"}
{"timestamp":"2026-05-27T23:30:09.439952Z","level":"info","event":"RangeIndex: 1001 entries, 0 to 1000","logger":"task.stdout"}
{"timestamp":"2026-05-27T23:30:09.440023Z","level":"info","event":"Data columns (total 7 columns):","logger":"task.stdout"}
{"timestamp":"2026-05-27T23:30:09.440094Z","level":"info","event":" #   Column      Non-Null Count  Dtype","logger":"task.stdout"}
{"timestamp":"2026-05-27T23:30:09.440167Z","level":"info","event":"---  ------      --------------  -----","logger":"task.stdout"}
{"timestamp":"2026-05-27T23:30:09.440240Z","level":"info","event":" 0   id          1000 non-null   object","logger":"task.stdout"}
{"timestamp":"2026-05-27T23:30:09.440308Z","level":"info","event":" 1   name        1000 non-null   object","logger":"task.stdout"}
{"timestamp":"2026-05-27T23:30:09.440381Z","level":"info","event":" 2   company_id  1000 non-null   object","logger":"task.stdout"}
{"timestamp":"2026-05-27T23:30:09.440446Z","level":"info","event":" 3   amount      1001 non-null   float64","logger":"task.stdout"}
{"timestamp":"2026-05-27T23:30:09.440578Z","level":"info","event":" 4   status      1001 non-null   object","logger":"task.stdout"}
{"timestamp":"2026-05-27T23:30:09.440623Z","level":"info","event":" 5   created_at  998 non-null    datetime64[ns]","logger":"task.stdout"}
{"timestamp":"2026-05-27T23:30:09.440668Z","level":"info","event":" 6   paid_at     573 non-null    datetime64[ns]","logger":"task.stdout"}
{"timestamp":"2026-05-27T23:30:09.440708Z","level":"info","event":"dtypes: datetime64[ns](2), float64(1), object(4)","logger":"task.stdout"}
{"timestamp":"2026-05-27T23:30:09.440747Z","level":"info","event":"memory usage: 54.9+ KB","logger":"task.stdout"}
{"timestamp":"2026-05-27T23:30:09.440786Z","level":"info","event":"DATAFRAME INFO: None","logger":"task.stdout"}
{"timestamp":"2026-05-27T23:30:11.855657Z","level":"info","event":"AWS Connection (conn_id='***_storage', conn_type='aws') credentials retrieved from login and password.","logger":"airflow.providers.amazon.aws.utils.connection_wrapper.AwsConnectionWrapper","filename":"connection_wrapper.py","lineno":331}
{"timestamp":"2026-05-27T23:30:12.073319Z","level":"info","event":"Archivo guardado en: s3://***_storage@bck-bronze/master/data_prueba_tecnica.parquet","logger":"task.stdout"}
{"timestamp":"2026-05-27T23:30:12.074937Z","level":"info","event":"Done. Returned value was: None","logger":"airflow.task.operators.airflow.providers.standard.decorators.python._PythonDecoratedOperator","filename":"python.py","lineno":229}
