{"timestamp":"2026-05-28T01:30:28.179469Z","level":"info","event":"DAG bundles loaded: dags-folder","logger":"airflow.dag_processing.bundles.manager.DagBundlesManager","filename":"manager.py","lineno":209}
{"timestamp":"2026-05-28T01:30:28.180296Z","level":"info","event":"Filling up the DagBag from /opt/airflow/dags/dag_etl_engineer_challenge_prod.py","logger":"airflow.dag_processing.dagbag.BundleDagBag","filename":"dagbag.py","lineno":469}
{"timestamp":"2026-05-28T01:30:28.544005Z","level":"warning","event":"The `airflow.operators.empty.EmptyOperator` attribute is deprecated. Please use `'airflow.providers.standard.operators.empty.EmptyOperator'`.","category":"UserWarning","filename":"/opt/airflow/dags/dag_etl_engineer_challenge_prod.py","lineno":18,"logger":"py.warnings"}
{"timestamp":"2026-05-28T01:30:28.544128Z","level":"warning","event":"The `airflow.decorators.task` attribute is deprecated. Please use `'airflow.sdk.task'`.","category":"UserWarning","filename":"/opt/airflow/dags/dag_etl_engineer_challenge_prod.py","lineno":19,"logger":"py.warnings"}
{"timestamp":"2026-05-28T01:30:28.570553Z","level":"warning","event":"Passing literal json to 'read_json' is deprecated and will be removed in a future version. To read from a literal string, wrap it in a 'StringIO' object.","category":"FutureWarning","filename":"/opt/airflow/dags/dag_etl_engineer_challenge_prod.py","lineno":161,"logger":"py.warnings"}
{"timestamp":"2026-05-28T01:30:28.577858Z","level":"info","event":"DataFrame listo para escritura:","logger":"task.stdout"}
{"timestamp":"2026-05-28T01:30:28.584620Z","level":"info","event":"<class 'pandas.core.frame.DataFrame'>","logger":"task.stdout"}
{"timestamp":"2026-05-28T01:30:28.584766Z","level":"info","event":"RangeIndex: 153 entries, 0 to 152","logger":"task.stdout"}
{"timestamp":"2026-05-28T01:30:28.584836Z","level":"info","event":"Data columns (total 5 columns):","logger":"task.stdout"}
{"timestamp":"2026-05-28T01:30:28.584935Z","level":"info","event":" #   Column                Non-Null Count  Dtype","logger":"task.stdout"}
{"timestamp":"2026-05-28T01:30:28.585038Z","level":"info","event":"---  ------                --------------  -----","logger":"task.stdout"}
{"timestamp":"2026-05-28T01:30:28.585130Z","level":"info","event":" 0   name                  153 non-null    object","logger":"task.stdout"}
{"timestamp":"2026-05-28T01:30:28.585229Z","level":"info","event":" 1   created_at            153 non-null    datetime64[ns]","logger":"task.stdout"}
{"timestamp":"2026-05-28T01:30:28.585321Z","level":"info","event":" 2   total_amount          153 non-null    float64","logger":"task.stdout"}
{"timestamp":"2026-05-28T01:30:28.585414Z","level":"info","event":" 3   conteo_transacciones  153 non-null    int64","logger":"task.stdout"}
{"timestamp":"2026-05-28T01:30:28.585507Z","level":"info","event":" 4   promedio              153 non-null    float64","logger":"task.stdout"}
{"timestamp":"2026-05-28T01:30:28.585591Z","level":"info","event":"dtypes: datetime64[ns](1), float64(2), int64(1), object(1)","logger":"task.stdout"}
{"timestamp":"2026-05-28T01:30:28.585677Z","level":"info","event":"memory usage: 6.1+ KB","logger":"task.stdout"}
{"timestamp":"2026-05-28T01:30:30.569155Z","level":"info","event":"AWS Connection (conn_id='***_storage', conn_type='aws') credentials retrieved from login and password.","logger":"airflow.providers.amazon.aws.utils.connection_wrapper.AwsConnectionWrapper","filename":"connection_wrapper.py","lineno":331}
{"timestamp":"2026-05-28T01:30:30.733908Z","level":"info","event":"Archivo Parquet guardado en: s3://***_storage@bck-bronze/master/data_prueba_tecnica.parquet","logger":"task.stdout"}
{"timestamp":"2026-05-28T01:30:30.734266Z","level":"info","event":"Done. Returned value was: None","logger":"airflow.task.operators.airflow.providers.standard.decorators.python._PythonDecoratedOperator","filename":"python.py","lineno":229}
